ARM GAS  C:\Users\HJB\AppData\Local\Temp\ccev3TDk.s 			page 1


   1              		.cpu cortex-m3
   2              		.eabi_attribute 20, 1
   3              		.eabi_attribute 21, 1
   4              		.eabi_attribute 23, 3
   5              		.eabi_attribute 24, 1
   6              		.eabi_attribute 25, 1
   7              		.eabi_attribute 26, 1
   8              		.eabi_attribute 30, 1
   9              		.eabi_attribute 34, 1
  10              		.eabi_attribute 18, 4
  11              		.file	"ATH10.c"
  12              		.text
  13              	.Ltext0:
  14              		.cfi_sections	.debug_frame
  15              		.section	.text.AHT10_Reset,"ax",%progbits
  16              		.align	1
  17              		.global	AHT10_Reset
  18              		.arch armv7-m
  19              		.syntax unified
  20              		.thumb
  21              		.thumb_func
  22              		.fpu softvfp
  24              	AHT10_Reset:
  25              	.LFB65:
  26              		.file 1 "Core/Src/ATH10.c"
   1:Core/Src/ATH10.c **** #include "ATH10.h"
   2:Core/Src/ATH10.c **** #include "myiic.h"
   3:Core/Src/ATH10.c **** #include "main.h"
   4:Core/Src/ATH10.c **** 
   5:Core/Src/ATH10.c **** /*-------------------------------------------------*/
   6:Core/Src/ATH10.c **** /*?????????¨°AHT10¡¤????¨ª?????¨¹??                    */
   7:Core/Src/ATH10.c **** /*??  ??????                                       */
   8:Core/Src/ATH10.c **** /*¡¤?????????                                       */
   9:Core/Src/ATH10.c **** /*-------------------------------------------------*/
  10:Core/Src/ATH10.c **** void AHT10_Reset(void)
  11:Core/Src/ATH10.c **** {
  27              		.loc 1 11 1 view -0
  28              		.cfi_startproc
  29              		@ args = 0, pretend = 0, frame = 0
  30              		@ frame_needed = 0, uses_anonymous_args = 0
  31 0000 08B5     		push	{r3, lr}
  32              	.LCFI0:
  33              		.cfi_def_cfa_offset 8
  34              		.cfi_offset 3, -8
  35              		.cfi_offset 14, -4
  12:Core/Src/ATH10.c **** 	i2c_Start();                    //IIC????????
  36              		.loc 1 12 2 view .LVU1
  37 0002 FFF7FEFF 		bl	i2c_Start
  38              	.LVL0:
  13:Core/Src/ATH10.c **** 	i2c_SendByte(0x70);            //¡¤????¡Â?????¡¤+????¡Á¡Â	   	
  39              		.loc 1 13 2 view .LVU2
  40 0006 7020     		movs	r0, #112
  41 0008 FFF7FEFF 		bl	i2c_SendByte
  42              	.LVL1:
  14:Core/Src/ATH10.c **** 	i2c_WaitAck();                 //????????
  43              		.loc 1 14 2 view .LVU3
  44 000c FFF7FEFF 		bl	i2c_WaitAck
ARM GAS  C:\Users\HJB\AppData\Local\Temp\ccev3TDk.s 			page 2


  45              	.LVL2:
  15:Core/Src/ATH10.c ****     i2c_SendByte(0xBA);            //¡¤????????¨¹?? 
  46              		.loc 1 15 5 view .LVU4
  47 0010 BA20     		movs	r0, #186
  48 0012 FFF7FEFF 		bl	i2c_SendByte
  49              	.LVL3:
  16:Core/Src/ATH10.c **** 	i2c_WaitAck();	                //???????? 
  50              		.loc 1 16 2 view .LVU5
  51 0016 FFF7FEFF 		bl	i2c_WaitAck
  52              	.LVL4:
  17:Core/Src/ATH10.c ****     i2c_Stop();                     //????????
  53              		.loc 1 17 5 view .LVU6
  54 001a FFF7FEFF 		bl	i2c_Stop
  55              	.LVL5:
  18:Core/Src/ATH10.c **** }
  56              		.loc 1 18 1 is_stmt 0 view .LVU7
  57 001e 08BD     		pop	{r3, pc}
  58              		.cfi_endproc
  59              	.LFE65:
  61              		.section	.text.AHT10_ReadData,"ax",%progbits
  62              		.align	1
  63              		.global	AHT10_ReadData
  64              		.syntax unified
  65              		.thumb
  66              		.thumb_func
  67              		.fpu softvfp
  69              	AHT10_ReadData:
  70              	.LFB66:
  19:Core/Src/ATH10.c **** /*-------------------------------------------------*/
  20:Core/Src/ATH10.c **** /*?????????¨°AHT10¡¤??????????????????¨¹??            */
  21:Core/Src/ATH10.c **** /*??  ??????                                       */
  22:Core/Src/ATH10.c **** /*¡¤?????????                                       */
  23:Core/Src/ATH10.c **** /*-------------------------------------------------*/
  24:Core/Src/ATH10.c **** void AHT10_ReadData(void) 
  25:Core/Src/ATH10.c **** {
  71              		.loc 1 25 1 is_stmt 1 view -0
  72              		.cfi_startproc
  73              		@ args = 0, pretend = 0, frame = 0
  74              		@ frame_needed = 0, uses_anonymous_args = 0
  75 0000 08B5     		push	{r3, lr}
  76              	.LCFI1:
  77              		.cfi_def_cfa_offset 8
  78              		.cfi_offset 3, -8
  79              		.cfi_offset 14, -4
  26:Core/Src/ATH10.c **** 	i2c_Start();                    //IIC????????
  80              		.loc 1 26 2 view .LVU9
  81 0002 FFF7FEFF 		bl	i2c_Start
  82              	.LVL6:
  27:Core/Src/ATH10.c **** 	i2c_SendByte(0x70);            //¡¤????¡Â?????¡¤+????¡Á¡Â	   	
  83              		.loc 1 27 2 view .LVU10
  84 0006 7020     		movs	r0, #112
  85 0008 FFF7FEFF 		bl	i2c_SendByte
  86              	.LVL7:
  28:Core/Src/ATH10.c **** 	i2c_WaitAck();                 //????????
  87              		.loc 1 28 2 view .LVU11
  88 000c FFF7FEFF 		bl	i2c_WaitAck
  89              	.LVL8:
ARM GAS  C:\Users\HJB\AppData\Local\Temp\ccev3TDk.s 			page 3


  29:Core/Src/ATH10.c ****     i2c_SendByte(0xAC);            //¡¤????¨¹??
  90              		.loc 1 29 5 view .LVU12
  91 0010 AC20     		movs	r0, #172
  92 0012 FFF7FEFF 		bl	i2c_SendByte
  93              	.LVL9:
  30:Core/Src/ATH10.c **** 	i2c_WaitAck();	                //???????? 
  94              		.loc 1 30 2 view .LVU13
  95 0016 FFF7FEFF 		bl	i2c_WaitAck
  96              	.LVL10:
  31:Core/Src/ATH10.c **** 	i2c_SendByte(0x33);            //¡¤???????	   	
  97              		.loc 1 31 2 view .LVU14
  98 001a 3320     		movs	r0, #51
  99 001c FFF7FEFF 		bl	i2c_SendByte
 100              	.LVL11:
  32:Core/Src/ATH10.c **** 	i2c_WaitAck();                 //????????
 101              		.loc 1 32 2 view .LVU15
 102 0020 FFF7FEFF 		bl	i2c_WaitAck
 103              	.LVL12:
  33:Core/Src/ATH10.c ****     i2c_SendByte(0x00);            //¡¤????¨¨?????????????¡¤ 
 104              		.loc 1 33 5 view .LVU16
 105 0024 0020     		movs	r0, #0
 106 0026 FFF7FEFF 		bl	i2c_SendByte
 107              	.LVL13:
  34:Core/Src/ATH10.c **** 	i2c_WaitAck();	                //???????? 
 108              		.loc 1 34 2 view .LVU17
 109 002a FFF7FEFF 		bl	i2c_WaitAck
 110              	.LVL14:
  35:Core/Src/ATH10.c ****     i2c_Stop();                     //????????
 111              		.loc 1 35 5 view .LVU18
 112 002e FFF7FEFF 		bl	i2c_Stop
 113              	.LVL15:
  36:Core/Src/ATH10.c **** }
 114              		.loc 1 36 1 is_stmt 0 view .LVU19
 115 0032 08BD     		pop	{r3, pc}
 116              		.cfi_endproc
 117              	.LFE66:
 119              		.section	.text.AHT10_ReadStatus,"ax",%progbits
 120              		.align	1
 121              		.global	AHT10_ReadStatus
 122              		.syntax unified
 123              		.thumb
 124              		.thumb_func
 125              		.fpu softvfp
 127              	AHT10_ReadStatus:
 128              	.LFB67:
  37:Core/Src/ATH10.c **** /*-------------------------------------------------*/
  38:Core/Src/ATH10.c **** /*????????????AHT10??¡Á????????¡Â                    */
  39:Core/Src/ATH10.c **** /*??  ??????                                       */
  40:Core/Src/ATH10.c **** /*¡¤????????????¡Â??                                 */
  41:Core/Src/ATH10.c **** /*-------------------------------------------------*/
  42:Core/Src/ATH10.c **** char AHT10_ReadStatus(void)
  43:Core/Src/ATH10.c **** {
 129              		.loc 1 43 1 is_stmt 1 view -0
 130              		.cfi_startproc
 131              		@ args = 0, pretend = 0, frame = 0
 132              		@ frame_needed = 0, uses_anonymous_args = 0
 133 0000 10B5     		push	{r4, lr}
ARM GAS  C:\Users\HJB\AppData\Local\Temp\ccev3TDk.s 			page 4


 134              	.LCFI2:
 135              		.cfi_def_cfa_offset 8
 136              		.cfi_offset 4, -8
 137              		.cfi_offset 14, -4
  44:Core/Src/ATH10.c **** 	char Status;
 138              		.loc 1 44 2 view .LVU21
  45:Core/Src/ATH10.c **** 	
  46:Core/Src/ATH10.c **** 	i2c_Start();                    //IIC????????
 139              		.loc 1 46 2 view .LVU22
 140 0002 FFF7FEFF 		bl	i2c_Start
 141              	.LVL16:
  47:Core/Src/ATH10.c **** 	i2c_SendByte(0x71);            //¡¤????¡Â?????¡¤+????¡Á¡Â
 142              		.loc 1 47 2 view .LVU23
 143 0006 7120     		movs	r0, #113
 144 0008 FFF7FEFF 		bl	i2c_SendByte
 145              	.LVL17:
  48:Core/Src/ATH10.c **** 	i2c_WaitAck();	                //???????? 
 146              		.loc 1 48 2 view .LVU24
 147 000c FFF7FEFF 		bl	i2c_WaitAck
 148              	.LVL18:
  49:Core/Src/ATH10.c **** 	Status = IIC_Read_Byte(0);      //????¡Á???????????¡¤???ACK???? 
 149              		.loc 1 49 2 view .LVU25
 150              		.loc 1 49 11 is_stmt 0 view .LVU26
 151 0010 0020     		movs	r0, #0
 152 0012 FFF7FEFF 		bl	IIC_Read_Byte
 153              	.LVL19:
 154              		.loc 1 49 9 view .LVU27
 155 0016 C4B2     		uxtb	r4, r0
 156              	.LVL20:
  50:Core/Src/ATH10.c ****     i2c_Stop();                     //????????
 157              		.loc 1 50 5 is_stmt 1 view .LVU28
 158 0018 FFF7FEFF 		bl	i2c_Stop
 159              	.LVL21:
  51:Core/Src/ATH10.c **** 
  52:Core/Src/ATH10.c **** 	return Status;                  //¡¤???¡Á????????¡Â????
 160              		.loc 1 52 2 view .LVU29
  53:Core/Src/ATH10.c **** }
 161              		.loc 1 53 1 is_stmt 0 view .LVU30
 162 001c 2046     		mov	r0, r4
 163 001e 10BD     		pop	{r4, pc}
 164              		.loc 1 53 1 view .LVU31
 165              		.cfi_endproc
 166              	.LFE67:
 168              		.section	.text.AHT10_Read_CalEnable,"ax",%progbits
 169              		.align	1
 170              		.global	AHT10_Read_CalEnable
 171              		.syntax unified
 172              		.thumb
 173              		.thumb_func
 174              		.fpu softvfp
 176              	AHT10_Read_CalEnable:
 177              	.LFB68:
  54:Core/Src/ATH10.c **** /*-------------------------------------------------*/
  55:Core/Src/ATH10.c **** /*?????????¨¦???¡è¡Á¡Â????????¡Á??????¡¤??¡¤?             */
  56:Core/Src/ATH10.c **** /*??  ??????                                       */
  57:Core/Src/ATH10.c **** /*¡¤???????0???¡¤ 1?¡ì¡ã?                              */
  58:Core/Src/ATH10.c **** /*-------------------------------------------------*/
ARM GAS  C:\Users\HJB\AppData\Local\Temp\ccev3TDk.s 			page 5


  59:Core/Src/ATH10.c **** char AHT10_Read_CalEnable(void)  
  60:Core/Src/ATH10.c **** {
 178              		.loc 1 60 1 is_stmt 1 view -0
 179              		.cfi_startproc
 180              		@ args = 0, pretend = 0, frame = 0
 181              		@ frame_needed = 0, uses_anonymous_args = 0
 182 0000 08B5     		push	{r3, lr}
 183              	.LCFI3:
 184              		.cfi_def_cfa_offset 8
 185              		.cfi_offset 3, -8
 186              		.cfi_offset 14, -4
  61:Core/Src/ATH10.c **** 	char val = 0;
 187              		.loc 1 61 2 view .LVU33
 188              	.LVL22:
  62:Core/Src/ATH10.c ****  
  63:Core/Src/ATH10.c **** 	val = AHT10_ReadStatus();  //????¡Á????????¡Â
 189              		.loc 1 63 2 view .LVU34
 190              		.loc 1 63 8 is_stmt 0 view .LVU35
 191 0002 FFF7FEFF 		bl	AHT10_ReadStatus
 192              	.LVL23:
  64:Core/Src/ATH10.c **** 	if((val & 0x68)==0x08)     //?????¡è¡Á¡Â????????¡Á???????¡¤????¡ì
 193              		.loc 1 64 2 is_stmt 1 view .LVU36
 194              		.loc 1 64 4 is_stmt 0 view .LVU37
 195 0006 00F06800 		and	r0, r0, #104
 196              	.LVL24:
 197              		.loc 1 64 4 view .LVU38
 198 000a 0828     		cmp	r0, #8
 199 000c 01D0     		beq	.L11
  65:Core/Src/ATH10.c **** 		return 0;              //???¡¤¡¤???0
  66:Core/Src/ATH10.c **** 	else  
  67:Core/Src/ATH10.c **** 		return 1;              //?¡ì¡ã?¡¤???1
 200              		.loc 1 67 10 view .LVU39
 201 000e 0120     		movs	r0, #1
 202              	.L8:
  68:Core/Src/ATH10.c ****  }
 203              		.loc 1 68 2 view .LVU40
 204 0010 08BD     		pop	{r3, pc}
 205              	.L11:
  65:Core/Src/ATH10.c **** 		return 0;              //???¡¤¡¤???0
 206              		.loc 1 65 10 view .LVU41
 207 0012 0020     		movs	r0, #0
 208 0014 FCE7     		b	.L8
 209              		.cfi_endproc
 210              	.LFE68:
 212              		.section	.text.AHT10_Init,"ax",%progbits
 213              		.align	1
 214              		.global	AHT10_Init
 215              		.syntax unified
 216              		.thumb
 217              		.thumb_func
 218              		.fpu softvfp
 220              	AHT10_Init:
 221              	.LFB69:
  69:Core/Src/ATH10.c **** /*-------------------------------------------------*/
  70:Core/Src/ATH10.c **** /*??????????????AHT10                              */
  71:Core/Src/ATH10.c **** /*??  ??????                                       */
  72:Core/Src/ATH10.c **** /*¡¤?????????                                       */
ARM GAS  C:\Users\HJB\AppData\Local\Temp\ccev3TDk.s 			page 6


  73:Core/Src/ATH10.c **** /*-------------------------------------------------*/
  74:Core/Src/ATH10.c **** char AHT10_Init(void)   
  75:Core/Src/ATH10.c **** {	   
 222              		.loc 1 75 1 is_stmt 1 view -0
 223              		.cfi_startproc
 224              		@ args = 0, pretend = 0, frame = 0
 225              		@ frame_needed = 0, uses_anonymous_args = 0
 226 0000 38B5     		push	{r3, r4, r5, lr}
 227              	.LCFI4:
 228              		.cfi_def_cfa_offset 16
 229              		.cfi_offset 3, -16
 230              		.cfi_offset 4, -12
 231              		.cfi_offset 5, -8
 232              		.cfi_offset 14, -4
  76:Core/Src/ATH10.c **** 	char times=0;
 233              		.loc 1 76 2 view .LVU43
 234              	.LVL25:
  77:Core/Src/ATH10.c **** 	
  78:Core/Src/ATH10.c **** 	i2c_Start();                    //IIC????????
 235              		.loc 1 78 2 view .LVU44
 236 0002 FFF7FEFF 		bl	i2c_Start
 237              	.LVL26:
  79:Core/Src/ATH10.c **** 	i2c_SendByte(0x70);            //¡¤????¡Â?????¡¤+????¡Á¡Â	   	
 238              		.loc 1 79 2 view .LVU45
 239 0006 7020     		movs	r0, #112
 240 0008 FFF7FEFF 		bl	i2c_SendByte
 241              	.LVL27:
  80:Core/Src/ATH10.c **** 	i2c_WaitAck();                 //????????
 242              		.loc 1 80 2 view .LVU46
 243 000c FFF7FEFF 		bl	i2c_WaitAck
 244              	.LVL28:
  81:Core/Src/ATH10.c ****     i2c_SendByte(0xE1);            //¡¤??????????¨¹?? 
 245              		.loc 1 81 5 view .LVU47
 246 0010 E120     		movs	r0, #225
 247 0012 FFF7FEFF 		bl	i2c_SendByte
 248              	.LVL29:
  82:Core/Src/ATH10.c **** 	i2c_WaitAck();	                //???????? 
 249              		.loc 1 82 2 view .LVU48
 250 0016 FFF7FEFF 		bl	i2c_WaitAck
 251              	.LVL30:
  83:Core/Src/ATH10.c **** 	i2c_SendByte(0x08);            //¡¤???????	   	
 252              		.loc 1 83 2 view .LVU49
 253 001a 0820     		movs	r0, #8
 254 001c FFF7FEFF 		bl	i2c_SendByte
 255              	.LVL31:
  84:Core/Src/ATH10.c **** 	i2c_WaitAck();                 //????????
 256              		.loc 1 84 2 view .LVU50
 257 0020 FFF7FEFF 		bl	i2c_WaitAck
 258              	.LVL32:
  85:Core/Src/ATH10.c ****     i2c_SendByte(0x00);            //¡¤???????
 259              		.loc 1 85 5 view .LVU51
 260 0024 0020     		movs	r0, #0
 261 0026 FFF7FEFF 		bl	i2c_SendByte
 262              	.LVL33:
  86:Core/Src/ATH10.c **** 	i2c_WaitAck();	                //???????? 
 263              		.loc 1 86 2 view .LVU52
 264 002a FFF7FEFF 		bl	i2c_WaitAck
ARM GAS  C:\Users\HJB\AppData\Local\Temp\ccev3TDk.s 			page 7


 265              	.LVL34:
  87:Core/Src/ATH10.c ****     i2c_Stop();                     //????????
 266              		.loc 1 87 5 view .LVU53
 267 002e FFF7FEFF 		bl	i2c_Stop
 268              	.LVL35:
  88:Core/Src/ATH10.c **** 	HAL_Delay(500);                  //???¡À
 269              		.loc 1 88 2 view .LVU54
 270 0032 4FF4FA70 		mov	r0, #500
 271 0036 FFF7FEFF 		bl	HAL_Delay
 272              	.LVL36:
  89:Core/Src/ATH10.c **** 	
  90:Core/Src/ATH10.c **** 	while(AHT10_Read_CalEnable()==1)   //?¨¦???¡è¡Á¡Â????????¡Á??????¡¤??¡¤? 
 273              		.loc 1 90 2 view .LVU55
  76:Core/Src/ATH10.c **** 	
 274              		.loc 1 76 7 is_stmt 0 view .LVU56
 275 003a 0024     		movs	r4, #0
 276              	.LVL37:
 277              	.L13:
 278              		.loc 1 90 7 is_stmt 1 view .LVU57
 279              		.loc 1 90 8 is_stmt 0 view .LVU58
 280 003c FFF7FEFF 		bl	AHT10_Read_CalEnable
 281              	.LVL38:
 282 0040 0546     		mov	r5, r0
 283              		.loc 1 90 7 view .LVU59
 284 0042 0128     		cmp	r0, #1
 285 0044 24D1     		bne	.L17
  91:Core/Src/ATH10.c **** 	{   
  92:Core/Src/ATH10.c **** 		AHT10_Reset();                 //????AHT10
 286              		.loc 1 92 3 is_stmt 1 view .LVU60
 287 0046 FFF7FEFF 		bl	AHT10_Reset
 288              	.LVL39:
  93:Core/Src/ATH10.c **** 		HAL_Delay(100);                 //???¡À
 289              		.loc 1 93 3 view .LVU61
 290 004a 6420     		movs	r0, #100
 291 004c FFF7FEFF 		bl	HAL_Delay
 292              	.LVL40:
  94:Core/Src/ATH10.c **** 
  95:Core/Src/ATH10.c **** 		i2c_SendByte(0x70);           //¡¤????¡Â?????¡¤+????¡Á¡Â	   	
 293              		.loc 1 95 3 view .LVU62
 294 0050 7020     		movs	r0, #112
 295 0052 FFF7FEFF 		bl	i2c_SendByte
 296              	.LVL41:
  96:Core/Src/ATH10.c **** 		i2c_WaitAck();                //????????
 297              		.loc 1 96 3 view .LVU63
 298 0056 FFF7FEFF 		bl	i2c_WaitAck
 299              	.LVL42:
  97:Core/Src/ATH10.c **** 		i2c_SendByte(0xE1);           //¡¤??????????¨¹?? 
 300              		.loc 1 97 3 view .LVU64
 301 005a E120     		movs	r0, #225
 302 005c FFF7FEFF 		bl	i2c_SendByte
 303              	.LVL43:
  98:Core/Src/ATH10.c **** 		i2c_WaitAck();	               //???????? 
 304              		.loc 1 98 3 view .LVU65
 305 0060 FFF7FEFF 		bl	i2c_WaitAck
 306              	.LVL44:
  99:Core/Src/ATH10.c **** 		i2c_SendByte(0x08);           //¡¤???????	   	
 307              		.loc 1 99 3 view .LVU66
ARM GAS  C:\Users\HJB\AppData\Local\Temp\ccev3TDk.s 			page 8


 308 0064 0820     		movs	r0, #8
 309 0066 FFF7FEFF 		bl	i2c_SendByte
 310              	.LVL45:
 100:Core/Src/ATH10.c **** 		i2c_WaitAck();                //????????
 311              		.loc 1 100 3 view .LVU67
 312 006a FFF7FEFF 		bl	i2c_WaitAck
 313              	.LVL46:
 101:Core/Src/ATH10.c **** 		i2c_SendByte(0x00);           //¡¤???????
 314              		.loc 1 101 3 view .LVU68
 315 006e 0020     		movs	r0, #0
 316 0070 FFF7FEFF 		bl	i2c_SendByte
 317              	.LVL47:
 102:Core/Src/ATH10.c **** 		i2c_WaitAck();	               //???????? 
 318              		.loc 1 102 3 view .LVU69
 319 0074 FFF7FEFF 		bl	i2c_WaitAck
 320              	.LVL48:
 103:Core/Src/ATH10.c **** 		i2c_Stop();                    //????????
 321              		.loc 1 103 3 view .LVU70
 322 0078 FFF7FEFF 		bl	i2c_Stop
 323              	.LVL49:
 104:Core/Src/ATH10.c **** 
 105:Core/Src/ATH10.c **** 		times++;	                   //????????+1
 324              		.loc 1 105 3 view .LVU71
 325              		.loc 1 105 8 is_stmt 0 view .LVU72
 326 007c 0134     		adds	r4, r4, #1
 327              	.LVL50:
 328              		.loc 1 105 8 view .LVU73
 329 007e E4B2     		uxtb	r4, r4
 330              	.LVL51:
 106:Core/Src/ATH10.c **** 		HAL_Delay(500);                 //???¡À
 331              		.loc 1 106 3 is_stmt 1 view .LVU74
 332 0080 4FF4FA70 		mov	r0, #500
 333 0084 FFF7FEFF 		bl	HAL_Delay
 334              	.LVL52:
 107:Core/Src/ATH10.c **** 		if(times>=10)return 1;         //???????¡À????10?????¡ì¡ã?¡¤???1
 335              		.loc 1 107 3 view .LVU75
 336              		.loc 1 107 5 is_stmt 0 view .LVU76
 337 0088 092C     		cmp	r4, #9
 338 008a D7D9     		bls	.L13
 339              	.L14:
 108:Core/Src/ATH10.c **** 	}
 109:Core/Src/ATH10.c **** 	return 0;                          //???¡¤¡¤???0
 110:Core/Src/ATH10.c **** }
 340              		.loc 1 110 1 view .LVU77
 341 008c 2846     		mov	r0, r5
 342 008e 38BD     		pop	{r3, r4, r5, pc}
 343              	.LVL53:
 344              	.L17:
 109:Core/Src/ATH10.c **** }
 345              		.loc 1 109 9 view .LVU78
 346 0090 0025     		movs	r5, #0
 347 0092 FBE7     		b	.L14
 348              		.cfi_endproc
 349              	.LFE69:
 351              		.global	__aeabi_i2d
 352              		.global	__aeabi_dmul
 353              		.global	__aeabi_dsub
ARM GAS  C:\Users\HJB\AppData\Local\Temp\ccev3TDk.s 			page 9


 354              		.section	.text.AHT10_Data,"ax",%progbits
 355              		.align	1
 356              		.global	AHT10_Data
 357              		.syntax unified
 358              		.thumb
 359              		.thumb_func
 360              		.fpu softvfp
 362              	AHT10_Data:
 363              	.LVL54:
 364              	.LFB70:
 111:Core/Src/ATH10.c **** /*-------------------------------------------------*/
 112:Core/Src/ATH10.c **** /*???????????????¡Â????                             */
 113:Core/Src/ATH10.c **** /*??  ????temp ¡À???????????                        */
 114:Core/Src/ATH10.c **** /*??  ????humi ¡À???????????                        */
 115:Core/Src/ATH10.c **** /*¡¤?????????????????                               */
 116:Core/Src/ATH10.c **** /*-------------------------------------------------*/
 117:Core/Src/ATH10.c **** void AHT10_Data(double *temp, double *humi)
 118:Core/Src/ATH10.c **** {				  		
 365              		.loc 1 118 1 is_stmt 1 view -0
 366              		.cfi_startproc
 367              		@ args = 0, pretend = 0, frame = 8
 368              		@ frame_needed = 0, uses_anonymous_args = 0
 369              		.loc 1 118 1 is_stmt 0 view .LVU80
 370 0000 2DE9F047 		push	{r4, r5, r6, r7, r8, r9, r10, lr}
 371              	.LCFI5:
 372              		.cfi_def_cfa_offset 32
 373              		.cfi_offset 4, -32
 374              		.cfi_offset 5, -28
 375              		.cfi_offset 6, -24
 376              		.cfi_offset 7, -20
 377              		.cfi_offset 8, -16
 378              		.cfi_offset 9, -12
 379              		.cfi_offset 10, -8
 380              		.cfi_offset 14, -4
 381 0004 82B0     		sub	sp, sp, #8
 382              	.LCFI6:
 383              		.cfi_def_cfa_offset 40
 384 0006 0746     		mov	r7, r0
 385 0008 8946     		mov	r9, r1
 119:Core/Src/ATH10.c **** 	int     tdata=0;
 386              		.loc 1 119 2 is_stmt 1 view .LVU81
 387              	.LVL55:
 120:Core/Src/ATH10.c **** 	char    Redata[6];
 388              		.loc 1 120 2 view .LVU82
 121:Core/Src/ATH10.c **** 		
 122:Core/Src/ATH10.c **** 	AHT10_ReadData();                 //??????
 389              		.loc 1 122 2 view .LVU83
 390 000a FFF7FEFF 		bl	AHT10_ReadData
 391              	.LVL56:
 123:Core/Src/ATH10.c **** 	HAL_Delay(500);                    //????	
 392              		.loc 1 123 2 view .LVU84
 393 000e 4FF4FA70 		mov	r0, #500
 394 0012 FFF7FEFF 		bl	HAL_Delay
 395              	.LVL57:
 124:Core/Src/ATH10.c **** 	i2c_Start();                      //IIC????????
 396              		.loc 1 124 2 view .LVU85
 397 0016 FFF7FEFF 		bl	i2c_Start
ARM GAS  C:\Users\HJB\AppData\Local\Temp\ccev3TDk.s 			page 10


 398              	.LVL58:
 125:Core/Src/ATH10.c **** 	i2c_SendByte(0x71);              //¡¤????¡Â?????¡¤+????¡Á¡Â				   
 399              		.loc 1 125 2 view .LVU86
 400 001a 7120     		movs	r0, #113
 401 001c FFF7FEFF 		bl	i2c_SendByte
 402              	.LVL59:
 126:Core/Src/ATH10.c **** 	i2c_WaitAck();	                  //????????
 403              		.loc 1 126 2 view .LVU87
 404 0020 FFF7FEFF 		bl	i2c_WaitAck
 405              	.LVL60:
 127:Core/Src/ATH10.c **** 	Redata[0]=IIC_Read_Byte(1);       //????¡Á?????????¡¤???ACK???? 
 406              		.loc 1 127 2 view .LVU88
 407              		.loc 1 127 12 is_stmt 0 view .LVU89
 408 0024 0120     		movs	r0, #1
 409 0026 FFF7FEFF 		bl	IIC_Read_Byte
 410              	.LVL61:
 411              		.loc 1 127 11 view .LVU90
 412 002a 8DF80000 		strb	r0, [sp]
 128:Core/Src/ATH10.c **** 	Redata[1]=IIC_Read_Byte(1);       //????¡Á?????????¡¤???ACK???? 
 413              		.loc 1 128 2 is_stmt 1 view .LVU91
 414              		.loc 1 128 12 is_stmt 0 view .LVU92
 415 002e 0120     		movs	r0, #1
 416 0030 FFF7FEFF 		bl	IIC_Read_Byte
 417              	.LVL62:
 418              		.loc 1 128 11 view .LVU93
 419 0034 5FFA80FA 		uxtb	r10, r0
 420 0038 8DF801A0 		strb	r10, [sp, #1]
 129:Core/Src/ATH10.c **** 	Redata[2]=IIC_Read_Byte(1);       //????¡Á?????????¡¤???ACK???? 
 421              		.loc 1 129 2 is_stmt 1 view .LVU94
 422              		.loc 1 129 12 is_stmt 0 view .LVU95
 423 003c 0120     		movs	r0, #1
 424 003e FFF7FEFF 		bl	IIC_Read_Byte
 425              	.LVL63:
 426              		.loc 1 129 11 view .LVU96
 427 0042 C4B2     		uxtb	r4, r0
 428 0044 8DF80240 		strb	r4, [sp, #2]
 130:Core/Src/ATH10.c **** 	Redata[3]=IIC_Read_Byte(1);       //????¡Á?????????¡¤???ACK???? 
 429              		.loc 1 130 2 is_stmt 1 view .LVU97
 430              		.loc 1 130 12 is_stmt 0 view .LVU98
 431 0048 0120     		movs	r0, #1
 432 004a FFF7FEFF 		bl	IIC_Read_Byte
 433              	.LVL64:
 434              		.loc 1 130 11 view .LVU99
 435 004e 5FFA80F8 		uxtb	r8, r0
 436 0052 8DF80380 		strb	r8, [sp, #3]
 131:Core/Src/ATH10.c **** 	Redata[4]=IIC_Read_Byte(1);       //????¡Á?????????¡¤???ACK????
 437              		.loc 1 131 2 is_stmt 1 view .LVU100
 438              		.loc 1 131 12 is_stmt 0 view .LVU101
 439 0056 0120     		movs	r0, #1
 440 0058 FFF7FEFF 		bl	IIC_Read_Byte
 441              	.LVL65:
 442              		.loc 1 131 11 view .LVU102
 443 005c C6B2     		uxtb	r6, r0
 444 005e 8DF80460 		strb	r6, [sp, #4]
 132:Core/Src/ATH10.c **** 	Redata[5]=IIC_Read_Byte(0);       //????¡Á???????????¡¤???ACK???? 	
 445              		.loc 1 132 2 is_stmt 1 view .LVU103
 446              		.loc 1 132 12 is_stmt 0 view .LVU104
ARM GAS  C:\Users\HJB\AppData\Local\Temp\ccev3TDk.s 			page 11


 447 0062 0020     		movs	r0, #0
 448 0064 FFF7FEFF 		bl	IIC_Read_Byte
 449              	.LVL66:
 450              		.loc 1 132 11 view .LVU105
 451 0068 C5B2     		uxtb	r5, r0
 452 006a 8DF80550 		strb	r5, [sp, #5]
 133:Core/Src/ATH10.c ****     i2c_Stop();                       //????????	
 453              		.loc 1 133 5 is_stmt 1 view .LVU106
 454 006e FFF7FEFF 		bl	i2c_Stop
 455              	.LVL67:
 134:Core/Src/ATH10.c **** 	HAL_Delay(5);                      //????
 456              		.loc 1 134 2 view .LVU107
 457 0072 0520     		movs	r0, #5
 458 0074 FFF7FEFF 		bl	HAL_Delay
 459              	.LVL68:
 135:Core/Src/ATH10.c **** 	
 136:Core/Src/ATH10.c **** 	tdata = (tdata|Redata[1])<<8;
 460              		.loc 1 136 2 view .LVU108
 137:Core/Src/ATH10.c **** 	tdata = (tdata|Redata[2])<<8;
 461              		.loc 1 137 2 view .LVU109
 462              		.loc 1 137 16 is_stmt 0 view .LVU110
 463 0078 44EA0A24 		orr	r4, r4, r10, lsl #8
 464              	.LVL69:
 138:Core/Src/ATH10.c **** 	tdata = (tdata|Redata[3]);
 465              		.loc 1 138 2 is_stmt 1 view .LVU111
 466              		.loc 1 138 8 is_stmt 0 view .LVU112
 467 007c 48EA0424 		orr	r4, r8, r4, lsl #8
 468              	.LVL70:
 139:Core/Src/ATH10.c **** 	tdata = (tdata >>4);
 469              		.loc 1 139 2 is_stmt 1 view .LVU113
 140:Core/Src/ATH10.c **** 	*humi =  tdata*100.0/1024.0/1024.0;
 470              		.loc 1 140 2 view .LVU114
 471              		.loc 1 140 16 is_stmt 0 view .LVU115
 472 0080 2011     		asrs	r0, r4, #4
 473              	.LVL71:
 474              		.loc 1 140 16 view .LVU116
 475 0082 FFF7FEFF 		bl	__aeabi_i2d
 476              	.LVL72:
 477              		.loc 1 140 16 view .LVU117
 478 0086 0022     		movs	r2, #0
 479 0088 144B     		ldr	r3, .L20
 480 008a FFF7FEFF 		bl	__aeabi_dmul
 481              	.LVL73:
 482              		.loc 1 140 22 view .LVU118
 483 008e 0022     		movs	r2, #0
 484 0090 134B     		ldr	r3, .L20+4
 485 0092 FFF7FEFF 		bl	__aeabi_dmul
 486              	.LVL74:
 487              		.loc 1 140 29 view .LVU119
 488 0096 0022     		movs	r2, #0
 489 0098 114B     		ldr	r3, .L20+4
 490 009a FFF7FEFF 		bl	__aeabi_dmul
 491              	.LVL75:
 492              		.loc 1 140 8 view .LVU120
 493 009e C9E90001 		strd	r0, [r9]
 141:Core/Src/ATH10.c **** 	
 142:Core/Src/ATH10.c **** 	tdata = 0;
ARM GAS  C:\Users\HJB\AppData\Local\Temp\ccev3TDk.s 			page 12


 494              		.loc 1 142 2 is_stmt 1 view .LVU121
 495              	.LVL76:
 143:Core/Src/ATH10.c **** 	tdata = (tdata|Redata[3])<<8;
 496              		.loc 1 143 2 view .LVU122
 144:Core/Src/ATH10.c **** 	tdata = (tdata|Redata[4])<<8;
 497              		.loc 1 144 2 view .LVU123
 498              		.loc 1 144 16 is_stmt 0 view .LVU124
 499 00a2 46EA0826 		orr	r6, r6, r8, lsl #8
 500              	.LVL77:
 145:Core/Src/ATH10.c **** 	tdata = (tdata|Redata[5]);
 501              		.loc 1 145 2 is_stmt 1 view .LVU125
 502              		.loc 1 145 8 is_stmt 0 view .LVU126
 503 00a6 45EA0625 		orr	r5, r5, r6, lsl #8
 504              	.LVL78:
 146:Core/Src/ATH10.c **** 	tdata =  tdata&0xfffff;
 505              		.loc 1 146 2 is_stmt 1 view .LVU127
 147:Core/Src/ATH10.c **** 	*temp =  tdata*200.0/1024.0/1024.0-50.0;
 506              		.loc 1 147 2 view .LVU128
 507              		.loc 1 147 16 is_stmt 0 view .LVU129
 508 00aa C5F31300 		ubfx	r0, r5, #0, #20
 509              	.LVL79:
 510              		.loc 1 147 16 view .LVU130
 511 00ae FFF7FEFF 		bl	__aeabi_i2d
 512              	.LVL80:
 513              		.loc 1 147 16 view .LVU131
 514 00b2 0022     		movs	r2, #0
 515 00b4 0B4B     		ldr	r3, .L20+8
 516 00b6 FFF7FEFF 		bl	__aeabi_dmul
 517              	.LVL81:
 518              		.loc 1 147 22 view .LVU132
 519 00ba 0022     		movs	r2, #0
 520 00bc 084B     		ldr	r3, .L20+4
 521 00be FFF7FEFF 		bl	__aeabi_dmul
 522              	.LVL82:
 523              		.loc 1 147 29 view .LVU133
 524 00c2 0022     		movs	r2, #0
 525 00c4 064B     		ldr	r3, .L20+4
 526 00c6 FFF7FEFF 		bl	__aeabi_dmul
 527              	.LVL83:
 528              		.loc 1 147 36 view .LVU134
 529 00ca 0022     		movs	r2, #0
 530 00cc 064B     		ldr	r3, .L20+12
 531 00ce FFF7FEFF 		bl	__aeabi_dsub
 532              	.LVL84:
 533              		.loc 1 147 8 view .LVU135
 534 00d2 C7E90001 		strd	r0, [r7]
 148:Core/Src/ATH10.c **** }
 535              		.loc 1 148 1 view .LVU136
 536 00d6 02B0     		add	sp, sp, #8
 537              	.LCFI7:
 538              		.cfi_def_cfa_offset 32
 539              		@ sp needed
 540 00d8 BDE8F087 		pop	{r4, r5, r6, r7, r8, r9, r10, pc}
 541              	.LVL85:
 542              	.L21:
 543              		.loc 1 148 1 view .LVU137
 544              		.align	2
ARM GAS  C:\Users\HJB\AppData\Local\Temp\ccev3TDk.s 			page 13


 545              	.L20:
 546 00dc 00005940 		.word	1079574528
 547 00e0 0000503F 		.word	1062207488
 548 00e4 00006940 		.word	1080623104
 549 00e8 00004940 		.word	1078525952
 550              		.cfi_endproc
 551              	.LFE70:
 553              		.text
 554              	.Letext0:
 555              		.file 2 "Drivers/STM32F1xx_HAL_Driver/Inc/stm32f1xx_hal.h"
 556              		.file 3 "Core/Inc/myiic.h"
ARM GAS  C:\Users\HJB\AppData\Local\Temp\ccev3TDk.s 			page 14


DEFINED SYMBOLS
                            *ABS*:00000000 ATH10.c
C:\Users\HJB\AppData\Local\Temp\ccev3TDk.s:16     .text.AHT10_Reset:00000000 $t
C:\Users\HJB\AppData\Local\Temp\ccev3TDk.s:24     .text.AHT10_Reset:00000000 AHT10_Reset
C:\Users\HJB\AppData\Local\Temp\ccev3TDk.s:62     .text.AHT10_ReadData:00000000 $t
C:\Users\HJB\AppData\Local\Temp\ccev3TDk.s:69     .text.AHT10_ReadData:00000000 AHT10_ReadData
C:\Users\HJB\AppData\Local\Temp\ccev3TDk.s:120    .text.AHT10_ReadStatus:00000000 $t
C:\Users\HJB\AppData\Local\Temp\ccev3TDk.s:127    .text.AHT10_ReadStatus:00000000 AHT10_ReadStatus
C:\Users\HJB\AppData\Local\Temp\ccev3TDk.s:169    .text.AHT10_Read_CalEnable:00000000 $t
C:\Users\HJB\AppData\Local\Temp\ccev3TDk.s:176    .text.AHT10_Read_CalEnable:00000000 AHT10_Read_CalEnable
C:\Users\HJB\AppData\Local\Temp\ccev3TDk.s:213    .text.AHT10_Init:00000000 $t
C:\Users\HJB\AppData\Local\Temp\ccev3TDk.s:220    .text.AHT10_Init:00000000 AHT10_Init
C:\Users\HJB\AppData\Local\Temp\ccev3TDk.s:355    .text.AHT10_Data:00000000 $t
C:\Users\HJB\AppData\Local\Temp\ccev3TDk.s:362    .text.AHT10_Data:00000000 AHT10_Data
C:\Users\HJB\AppData\Local\Temp\ccev3TDk.s:546    .text.AHT10_Data:000000dc $d

UNDEFINED SYMBOLS
i2c_Start
i2c_SendByte
i2c_WaitAck
i2c_Stop
IIC_Read_Byte
HAL_Delay
__aeabi_i2d
__aeabi_dmul
__aeabi_dsub
