ARM GAS  C:\Users\HJB\AppData\Local\Temp\ccAG6Bbo.s 			page 1


   1              		.cpu cortex-m3
   2              		.eabi_attribute 20, 1
   3              		.eabi_attribute 21, 1
   4              		.eabi_attribute 23, 3
   5              		.eabi_attribute 24, 1
   6              		.eabi_attribute 25, 1
   7              		.eabi_attribute 26, 1
   8              		.eabi_attribute 30, 1
   9              		.eabi_attribute 34, 1
  10              		.eabi_attribute 18, 4
  11              		.file	"gpio.c"
  12              		.text
  13              	.Ltext0:
  14              		.cfi_sections	.debug_frame
  15              		.section	.text.MX_GPIO_Init,"ax",%progbits
  16              		.align	1
  17              		.global	MX_GPIO_Init
  18              		.arch armv7-m
  19              		.syntax unified
  20              		.thumb
  21              		.thumb_func
  22              		.fpu softvfp
  24              	MX_GPIO_Init:
  25              	.LFB65:
  26              		.file 1 "Core/Src/gpio.c"
   1:Core/Src/gpio.c **** /**
   2:Core/Src/gpio.c ****   ******************************************************************************
   3:Core/Src/gpio.c ****   * @file    gpio.c
   4:Core/Src/gpio.c ****   * @brief   This file provides code for the configuration
   5:Core/Src/gpio.c ****   *          of all used GPIO pins.
   6:Core/Src/gpio.c ****   ******************************************************************************
   7:Core/Src/gpio.c ****   * @attention
   8:Core/Src/gpio.c ****   *
   9:Core/Src/gpio.c ****   * <h2><center>&copy; Copyright (c) 2022 STMicroelectronics.
  10:Core/Src/gpio.c ****   * All rights reserved.</center></h2>
  11:Core/Src/gpio.c ****   *
  12:Core/Src/gpio.c ****   * This software component is licensed by ST under BSD 3-Clause license,
  13:Core/Src/gpio.c ****   * the "License"; You may not use this file except in compliance with the
  14:Core/Src/gpio.c ****   * License. You may obtain a copy of the License at:
  15:Core/Src/gpio.c ****   *                        opensource.org/licenses/BSD-3-Clause
  16:Core/Src/gpio.c ****   *
  17:Core/Src/gpio.c ****   ******************************************************************************
  18:Core/Src/gpio.c ****   */
  19:Core/Src/gpio.c **** 
  20:Core/Src/gpio.c **** /* Includes ------------------------------------------------------------------*/
  21:Core/Src/gpio.c **** #include "gpio.h"
  22:Core/Src/gpio.c **** 
  23:Core/Src/gpio.c **** /* USER CODE BEGIN 0 */
  24:Core/Src/gpio.c **** 
  25:Core/Src/gpio.c **** /* USER CODE END 0 */
  26:Core/Src/gpio.c **** 
  27:Core/Src/gpio.c **** /*----------------------------------------------------------------------------*/
  28:Core/Src/gpio.c **** /* Configure GPIO                                                             */
  29:Core/Src/gpio.c **** /*----------------------------------------------------------------------------*/
  30:Core/Src/gpio.c **** /* USER CODE BEGIN 1 */
  31:Core/Src/gpio.c **** 
  32:Core/Src/gpio.c **** /* USER CODE END 1 */
ARM GAS  C:\Users\HJB\AppData\Local\Temp\ccAG6Bbo.s 			page 2


  33:Core/Src/gpio.c **** 
  34:Core/Src/gpio.c **** /** Configure pins as
  35:Core/Src/gpio.c ****         * Analog
  36:Core/Src/gpio.c ****         * Input
  37:Core/Src/gpio.c ****         * Output
  38:Core/Src/gpio.c ****         * EVENT_OUT
  39:Core/Src/gpio.c ****         * EXTI
  40:Core/Src/gpio.c **** */
  41:Core/Src/gpio.c **** void MX_GPIO_Init(void)
  42:Core/Src/gpio.c **** {
  27              		.loc 1 42 1 view -0
  28              		.cfi_startproc
  29              		@ args = 0, pretend = 0, frame = 32
  30              		@ frame_needed = 0, uses_anonymous_args = 0
  31 0000 2DE9F041 		push	{r4, r5, r6, r7, r8, lr}
  32              	.LCFI0:
  33              		.cfi_def_cfa_offset 24
  34              		.cfi_offset 4, -24
  35              		.cfi_offset 5, -20
  36              		.cfi_offset 6, -16
  37              		.cfi_offset 7, -12
  38              		.cfi_offset 8, -8
  39              		.cfi_offset 14, -4
  40 0004 88B0     		sub	sp, sp, #32
  41              	.LCFI1:
  42              		.cfi_def_cfa_offset 56
  43:Core/Src/gpio.c **** 
  44:Core/Src/gpio.c ****   GPIO_InitTypeDef GPIO_InitStruct = {0};
  43              		.loc 1 44 3 view .LVU1
  44              		.loc 1 44 20 is_stmt 0 view .LVU2
  45 0006 0024     		movs	r4, #0
  46 0008 0494     		str	r4, [sp, #16]
  47 000a 0594     		str	r4, [sp, #20]
  48 000c 0694     		str	r4, [sp, #24]
  49 000e 0794     		str	r4, [sp, #28]
  45:Core/Src/gpio.c **** 
  46:Core/Src/gpio.c ****   /* GPIO Ports Clock Enable */
  47:Core/Src/gpio.c ****   __HAL_RCC_GPIOD_CLK_ENABLE();
  50              		.loc 1 47 3 is_stmt 1 view .LVU3
  51              	.LBB2:
  52              		.loc 1 47 3 view .LVU4
  53              		.loc 1 47 3 view .LVU5
  54 0010 374B     		ldr	r3, .L3
  55 0012 9A69     		ldr	r2, [r3, #24]
  56 0014 42F02002 		orr	r2, r2, #32
  57 0018 9A61     		str	r2, [r3, #24]
  58              		.loc 1 47 3 view .LVU6
  59 001a 9A69     		ldr	r2, [r3, #24]
  60 001c 02F02002 		and	r2, r2, #32
  61 0020 0192     		str	r2, [sp, #4]
  62              		.loc 1 47 3 view .LVU7
  63 0022 019A     		ldr	r2, [sp, #4]
  64              	.LBE2:
  65              		.loc 1 47 3 view .LVU8
  48:Core/Src/gpio.c ****   __HAL_RCC_GPIOA_CLK_ENABLE();
  66              		.loc 1 48 3 view .LVU9
  67              	.LBB3:
ARM GAS  C:\Users\HJB\AppData\Local\Temp\ccAG6Bbo.s 			page 3


  68              		.loc 1 48 3 view .LVU10
  69              		.loc 1 48 3 view .LVU11
  70 0024 9A69     		ldr	r2, [r3, #24]
  71 0026 42F00402 		orr	r2, r2, #4
  72 002a 9A61     		str	r2, [r3, #24]
  73              		.loc 1 48 3 view .LVU12
  74 002c 9A69     		ldr	r2, [r3, #24]
  75 002e 02F00402 		and	r2, r2, #4
  76 0032 0292     		str	r2, [sp, #8]
  77              		.loc 1 48 3 view .LVU13
  78 0034 029A     		ldr	r2, [sp, #8]
  79              	.LBE3:
  80              		.loc 1 48 3 view .LVU14
  49:Core/Src/gpio.c ****   __HAL_RCC_GPIOB_CLK_ENABLE();
  81              		.loc 1 49 3 view .LVU15
  82              	.LBB4:
  83              		.loc 1 49 3 view .LVU16
  84              		.loc 1 49 3 view .LVU17
  85 0036 9A69     		ldr	r2, [r3, #24]
  86 0038 42F00802 		orr	r2, r2, #8
  87 003c 9A61     		str	r2, [r3, #24]
  88              		.loc 1 49 3 view .LVU18
  89 003e 9B69     		ldr	r3, [r3, #24]
  90 0040 03F00803 		and	r3, r3, #8
  91 0044 0393     		str	r3, [sp, #12]
  92              		.loc 1 49 3 view .LVU19
  93 0046 039B     		ldr	r3, [sp, #12]
  94              	.LBE4:
  95              		.loc 1 49 3 view .LVU20
  50:Core/Src/gpio.c **** 
  51:Core/Src/gpio.c ****   /*Configure GPIO pin Output Level */
  52:Core/Src/gpio.c ****   HAL_GPIO_WritePin(GPIOB, BEEP_Pin|SCL_Pin|SDA_Pin, GPIO_PIN_RESET);
  96              		.loc 1 52 3 view .LVU21
  97 0048 2A4F     		ldr	r7, .L3+4
  98 004a 2246     		mov	r2, r4
  99 004c 4FF48651 		mov	r1, #4288
 100 0050 3846     		mov	r0, r7
 101 0052 FFF7FEFF 		bl	HAL_GPIO_WritePin
 102              	.LVL0:
  53:Core/Src/gpio.c **** 
  54:Core/Src/gpio.c ****   /*Configure GPIO pin Output Level */
  55:Core/Src/gpio.c ****   HAL_GPIO_WritePin(GPIOA, D1_Pin|D2_Pin|D3_Pin, GPIO_PIN_SET);
 103              		.loc 1 55 3 view .LVU22
 104 0056 284D     		ldr	r5, .L3+8
 105 0058 0122     		movs	r2, #1
 106 005a 4FF4C851 		mov	r1, #6400
 107 005e 2846     		mov	r0, r5
 108 0060 FFF7FEFF 		bl	HAL_GPIO_WritePin
 109              	.LVL1:
  56:Core/Src/gpio.c **** 
  57:Core/Src/gpio.c ****   /*Configure GPIO pin Output Level */
  58:Core/Src/gpio.c ****   HAL_GPIO_WritePin(D4_GPIO_Port, D4_Pin, GPIO_PIN_SET);
 110              		.loc 1 58 3 view .LVU23
 111 0064 0122     		movs	r2, #1
 112 0066 2021     		movs	r1, #32
 113 0068 3846     		mov	r0, r7
 114 006a FFF7FEFF 		bl	HAL_GPIO_WritePin
ARM GAS  C:\Users\HJB\AppData\Local\Temp\ccAG6Bbo.s 			page 4


 115              	.LVL2:
  59:Core/Src/gpio.c **** 
  60:Core/Src/gpio.c ****   /*Configure GPIO pin : PtPin */
  61:Core/Src/gpio.c ****   GPIO_InitStruct.Pin = K1_Pin;
 116              		.loc 1 61 3 view .LVU24
 117              		.loc 1 61 23 is_stmt 0 view .LVU25
 118 006e 0126     		movs	r6, #1
 119 0070 0496     		str	r6, [sp, #16]
  62:Core/Src/gpio.c ****   GPIO_InitStruct.Mode = GPIO_MODE_IT_FALLING;
 120              		.loc 1 62 3 is_stmt 1 view .LVU26
 121              		.loc 1 62 24 is_stmt 0 view .LVU27
 122 0072 224B     		ldr	r3, .L3+12
 123 0074 0593     		str	r3, [sp, #20]
  63:Core/Src/gpio.c ****   GPIO_InitStruct.Pull = GPIO_PULLDOWN;
 124              		.loc 1 63 3 is_stmt 1 view .LVU28
 125              		.loc 1 63 24 is_stmt 0 view .LVU29
 126 0076 4FF00208 		mov	r8, #2
 127 007a CDF81880 		str	r8, [sp, #24]
  64:Core/Src/gpio.c ****   HAL_GPIO_Init(K1_GPIO_Port, &GPIO_InitStruct);
 128              		.loc 1 64 3 is_stmt 1 view .LVU30
 129 007e 04A9     		add	r1, sp, #16
 130 0080 2846     		mov	r0, r5
 131 0082 FFF7FEFF 		bl	HAL_GPIO_Init
 132              	.LVL3:
  65:Core/Src/gpio.c **** 
  66:Core/Src/gpio.c ****   /*Configure GPIO pin : PtPin */
  67:Core/Src/gpio.c ****   GPIO_InitStruct.Pin = K2_Pin;
 133              		.loc 1 67 3 view .LVU31
 134              		.loc 1 67 23 is_stmt 0 view .LVU32
 135 0086 CDF81080 		str	r8, [sp, #16]
  68:Core/Src/gpio.c ****   GPIO_InitStruct.Mode = GPIO_MODE_IT_RISING;
 136              		.loc 1 68 3 is_stmt 1 view .LVU33
 137              		.loc 1 68 24 is_stmt 0 view .LVU34
 138 008a 1D4B     		ldr	r3, .L3+16
 139 008c 0593     		str	r3, [sp, #20]
  69:Core/Src/gpio.c ****   GPIO_InitStruct.Pull = GPIO_PULLUP;
 140              		.loc 1 69 3 is_stmt 1 view .LVU35
 141              		.loc 1 69 24 is_stmt 0 view .LVU36
 142 008e 0696     		str	r6, [sp, #24]
  70:Core/Src/gpio.c ****   HAL_GPIO_Init(K2_GPIO_Port, &GPIO_InitStruct);
 143              		.loc 1 70 3 is_stmt 1 view .LVU37
 144 0090 04A9     		add	r1, sp, #16
 145 0092 2846     		mov	r0, r5
 146 0094 FFF7FEFF 		bl	HAL_GPIO_Init
 147              	.LVL4:
  71:Core/Src/gpio.c **** 
  72:Core/Src/gpio.c ****   /*Configure GPIO pins : PBPin PBPin PBPin PBPin */
  73:Core/Src/gpio.c ****   GPIO_InitStruct.Pin = BEEP_Pin|D4_Pin|SCL_Pin|SDA_Pin;
 148              		.loc 1 73 3 view .LVU38
 149              		.loc 1 73 23 is_stmt 0 view .LVU39
 150 0098 4FF48753 		mov	r3, #4320
 151 009c 0493     		str	r3, [sp, #16]
  74:Core/Src/gpio.c ****   GPIO_InitStruct.Mode = GPIO_MODE_OUTPUT_PP;
 152              		.loc 1 74 3 is_stmt 1 view .LVU40
 153              		.loc 1 74 24 is_stmt 0 view .LVU41
 154 009e 0596     		str	r6, [sp, #20]
  75:Core/Src/gpio.c ****   GPIO_InitStruct.Pull = GPIO_NOPULL;
ARM GAS  C:\Users\HJB\AppData\Local\Temp\ccAG6Bbo.s 			page 5


 155              		.loc 1 75 3 is_stmt 1 view .LVU42
 156              		.loc 1 75 24 is_stmt 0 view .LVU43
 157 00a0 0694     		str	r4, [sp, #24]
  76:Core/Src/gpio.c ****   GPIO_InitStruct.Speed = GPIO_SPEED_FREQ_HIGH;
 158              		.loc 1 76 3 is_stmt 1 view .LVU44
 159              		.loc 1 76 25 is_stmt 0 view .LVU45
 160 00a2 4FF00308 		mov	r8, #3
 161 00a6 CDF81C80 		str	r8, [sp, #28]
  77:Core/Src/gpio.c ****   HAL_GPIO_Init(GPIOB, &GPIO_InitStruct);
 162              		.loc 1 77 3 is_stmt 1 view .LVU46
 163 00aa 04A9     		add	r1, sp, #16
 164 00ac 3846     		mov	r0, r7
 165 00ae FFF7FEFF 		bl	HAL_GPIO_Init
 166              	.LVL5:
  78:Core/Src/gpio.c **** 
  79:Core/Src/gpio.c ****   /*Configure GPIO pins : PAPin PAPin PAPin */
  80:Core/Src/gpio.c ****   GPIO_InitStruct.Pin = D1_Pin|D2_Pin|D3_Pin;
 167              		.loc 1 80 3 view .LVU47
 168              		.loc 1 80 23 is_stmt 0 view .LVU48
 169 00b2 4FF4C853 		mov	r3, #6400
 170 00b6 0493     		str	r3, [sp, #16]
  81:Core/Src/gpio.c ****   GPIO_InitStruct.Mode = GPIO_MODE_OUTPUT_PP;
 171              		.loc 1 81 3 is_stmt 1 view .LVU49
 172              		.loc 1 81 24 is_stmt 0 view .LVU50
 173 00b8 0596     		str	r6, [sp, #20]
  82:Core/Src/gpio.c ****   GPIO_InitStruct.Pull = GPIO_NOPULL;
 174              		.loc 1 82 3 is_stmt 1 view .LVU51
 175              		.loc 1 82 24 is_stmt 0 view .LVU52
 176 00ba 0694     		str	r4, [sp, #24]
  83:Core/Src/gpio.c ****   GPIO_InitStruct.Speed = GPIO_SPEED_FREQ_HIGH;
 177              		.loc 1 83 3 is_stmt 1 view .LVU53
 178              		.loc 1 83 25 is_stmt 0 view .LVU54
 179 00bc CDF81C80 		str	r8, [sp, #28]
  84:Core/Src/gpio.c ****   HAL_GPIO_Init(GPIOA, &GPIO_InitStruct);
 180              		.loc 1 84 3 is_stmt 1 view .LVU55
 181 00c0 04A9     		add	r1, sp, #16
 182 00c2 2846     		mov	r0, r5
 183 00c4 FFF7FEFF 		bl	HAL_GPIO_Init
 184              	.LVL6:
  85:Core/Src/gpio.c **** 
  86:Core/Src/gpio.c ****   /* EXTI interrupt init*/
  87:Core/Src/gpio.c ****   HAL_NVIC_SetPriority(EXTI0_IRQn, 12, 0);
 185              		.loc 1 87 3 view .LVU56
 186 00c8 2246     		mov	r2, r4
 187 00ca 0C21     		movs	r1, #12
 188 00cc 0620     		movs	r0, #6
 189 00ce FFF7FEFF 		bl	HAL_NVIC_SetPriority
 190              	.LVL7:
  88:Core/Src/gpio.c ****   HAL_NVIC_EnableIRQ(EXTI0_IRQn);
 191              		.loc 1 88 3 view .LVU57
 192 00d2 0620     		movs	r0, #6
 193 00d4 FFF7FEFF 		bl	HAL_NVIC_EnableIRQ
 194              	.LVL8:
  89:Core/Src/gpio.c **** 
  90:Core/Src/gpio.c ****   HAL_NVIC_SetPriority(EXTI1_IRQn, 11, 0);
 195              		.loc 1 90 3 view .LVU58
 196 00d8 2246     		mov	r2, r4
ARM GAS  C:\Users\HJB\AppData\Local\Temp\ccAG6Bbo.s 			page 6


 197 00da 0B21     		movs	r1, #11
 198 00dc 0720     		movs	r0, #7
 199 00de FFF7FEFF 		bl	HAL_NVIC_SetPriority
 200              	.LVL9:
  91:Core/Src/gpio.c ****   HAL_NVIC_EnableIRQ(EXTI1_IRQn);
 201              		.loc 1 91 3 view .LVU59
 202 00e2 0720     		movs	r0, #7
 203 00e4 FFF7FEFF 		bl	HAL_NVIC_EnableIRQ
 204              	.LVL10:
  92:Core/Src/gpio.c **** 
  93:Core/Src/gpio.c **** }
 205              		.loc 1 93 1 is_stmt 0 view .LVU60
 206 00e8 08B0     		add	sp, sp, #32
 207              	.LCFI2:
 208              		.cfi_def_cfa_offset 24
 209              		@ sp needed
 210 00ea BDE8F081 		pop	{r4, r5, r6, r7, r8, pc}
 211              	.L4:
 212 00ee 00BF     		.align	2
 213              	.L3:
 214 00f0 00100240 		.word	1073876992
 215 00f4 000C0140 		.word	1073810432
 216 00f8 00080140 		.word	1073809408
 217 00fc 00002110 		.word	270598144
 218 0100 00001110 		.word	269549568
 219              		.cfi_endproc
 220              	.LFE65:
 222              		.section	.text.beep_500ms,"ax",%progbits
 223              		.align	1
 224              		.global	beep_500ms
 225              		.syntax unified
 226              		.thumb
 227              		.thumb_func
 228              		.fpu softvfp
 230              	beep_500ms:
 231              	.LFB66:
  94:Core/Src/gpio.c **** 
  95:Core/Src/gpio.c **** /* USER CODE BEGIN 2 */
  96:Core/Src/gpio.c **** void beep_500ms(void)
  97:Core/Src/gpio.c **** {
 232              		.loc 1 97 1 is_stmt 1 view -0
 233              		.cfi_startproc
 234              		@ args = 0, pretend = 0, frame = 0
 235              		@ frame_needed = 0, uses_anonymous_args = 0
 236 0000 10B5     		push	{r4, lr}
 237              	.LCFI3:
 238              		.cfi_def_cfa_offset 8
 239              		.cfi_offset 4, -8
 240              		.cfi_offset 14, -4
  98:Core/Src/gpio.c ****   HAL_GPIO_WritePin(BEEP_GPIO_Port, BEEP_Pin, GPIO_PIN_SET);
 241              		.loc 1 98 3 view .LVU62
 242 0002 094C     		ldr	r4, .L7
 243 0004 0122     		movs	r2, #1
 244 0006 4FF48051 		mov	r1, #4096
 245 000a 2046     		mov	r0, r4
 246 000c FFF7FEFF 		bl	HAL_GPIO_WritePin
 247              	.LVL11:
ARM GAS  C:\Users\HJB\AppData\Local\Temp\ccAG6Bbo.s 			page 7


  99:Core/Src/gpio.c ****   HAL_Delay(500);
 248              		.loc 1 99 3 view .LVU63
 249 0010 4FF4FA70 		mov	r0, #500
 250 0014 FFF7FEFF 		bl	HAL_Delay
 251              	.LVL12:
 100:Core/Src/gpio.c ****   HAL_GPIO_WritePin(BEEP_GPIO_Port, BEEP_Pin, GPIO_PIN_RESET);
 252              		.loc 1 100 3 view .LVU64
 253 0018 0022     		movs	r2, #0
 254 001a 4FF48051 		mov	r1, #4096
 255 001e 2046     		mov	r0, r4
 256 0020 FFF7FEFF 		bl	HAL_GPIO_WritePin
 257              	.LVL13:
 101:Core/Src/gpio.c **** }
 258              		.loc 1 101 1 is_stmt 0 view .LVU65
 259 0024 10BD     		pop	{r4, pc}
 260              	.L8:
 261 0026 00BF     		.align	2
 262              	.L7:
 263 0028 000C0140 		.word	1073810432
 264              		.cfi_endproc
 265              	.LFE66:
 267              		.text
 268              	.Letext0:
 269              		.file 2 "e:\\vsstm32\\10.2020-q4-major\\arm-none-eabi\\include\\machine\\_default_types.h"
 270              		.file 3 "e:\\vsstm32\\10.2020-q4-major\\arm-none-eabi\\include\\sys\\_stdint.h"
 271              		.file 4 "Drivers/CMSIS/Device/ST/STM32F1xx/Include/stm32f103xb.h"
 272              		.file 5 "Drivers/STM32F1xx_HAL_Driver/Inc/stm32f1xx_hal_gpio.h"
 273              		.file 6 "Drivers/STM32F1xx_HAL_Driver/Inc/stm32f1xx_hal.h"
 274              		.file 7 "Drivers/STM32F1xx_HAL_Driver/Inc/stm32f1xx_hal_cortex.h"
ARM GAS  C:\Users\HJB\AppData\Local\Temp\ccAG6Bbo.s 			page 8


DEFINED SYMBOLS
                            *ABS*:00000000 gpio.c
C:\Users\HJB\AppData\Local\Temp\ccAG6Bbo.s:16     .text.MX_GPIO_Init:00000000 $t
C:\Users\HJB\AppData\Local\Temp\ccAG6Bbo.s:24     .text.MX_GPIO_Init:00000000 MX_GPIO_Init
C:\Users\HJB\AppData\Local\Temp\ccAG6Bbo.s:214    .text.MX_GPIO_Init:000000f0 $d
C:\Users\HJB\AppData\Local\Temp\ccAG6Bbo.s:223    .text.beep_500ms:00000000 $t
C:\Users\HJB\AppData\Local\Temp\ccAG6Bbo.s:230    .text.beep_500ms:00000000 beep_500ms
C:\Users\HJB\AppData\Local\Temp\ccAG6Bbo.s:263    .text.beep_500ms:00000028 $d

UNDEFINED SYMBOLS
HAL_GPIO_WritePin
HAL_GPIO_Init
HAL_NVIC_SetPriority
HAL_NVIC_EnableIRQ
HAL_Delay
