ARM GAS  C:\Users\HJB\AppData\Local\Temp\ccMyriEo.s 			page 1


   1              		.cpu cortex-m3
   2              		.eabi_attribute 20, 1
   3              		.eabi_attribute 21, 1
   4              		.eabi_attribute 23, 3
   5              		.eabi_attribute 24, 1
   6              		.eabi_attribute 25, 1
   7              		.eabi_attribute 26, 1
   8              		.eabi_attribute 30, 1
   9              		.eabi_attribute 34, 1
  10              		.eabi_attribute 18, 4
  11              		.file	"myiic.c"
  12              		.text
  13              	.Ltext0:
  14              		.cfi_sections	.debug_frame
  15              		.section	.text.i2c_Start,"ax",%progbits
  16              		.align	1
  17              		.global	i2c_Start
  18              		.arch armv7-m
  19              		.syntax unified
  20              		.thumb
  21              		.thumb_func
  22              		.fpu softvfp
  24              	i2c_Start:
  25              	.LFB66:
  26              		.file 1 "Core/Src/myiic.c"
   1:Core/Src/myiic.c **** //i2c.c
   2:Core/Src/myiic.c **** #include "myiic.h"
   3:Core/Src/myiic.c **** #include "main.h"
   4:Core/Src/myiic.c ****  
   5:Core/Src/myiic.c **** static void i2c_Delay(void)
   6:Core/Src/myiic.c **** {
   7:Core/Src/myiic.c **** 	uint8_t i;
   8:Core/Src/myiic.c **** 	for (i = 0; i < 40; i++);
   9:Core/Src/myiic.c **** }
  10:Core/Src/myiic.c **** //开始信号
  11:Core/Src/myiic.c **** void i2c_Start(void)
  12:Core/Src/myiic.c **** {
  27              		.loc 1 12 1 view -0
  28              		.cfi_startproc
  29              		@ args = 0, pretend = 0, frame = 0
  30              		@ frame_needed = 0, uses_anonymous_args = 0
  31              		@ link register save eliminated.
  13:Core/Src/myiic.c **** 	// 当SCL高电平时，SDA出现一个下跳沿表示I2C总线启动信号 
  14:Core/Src/myiic.c **** 	I2C_SDA_1();
  32              		.loc 1 14 2 view .LVU1
  33 0000 054B     		ldr	r3, .L2
  34 0002 8022     		movs	r2, #128
  35 0004 1A61     		str	r2, [r3, #16]
  15:Core/Src/myiic.c **** 	I2C_SCL_1();
  36              		.loc 1 15 2 view .LVU2
  37 0006 4022     		movs	r2, #64
  38 0008 1A61     		str	r2, [r3, #16]
  16:Core/Src/myiic.c **** 	i2c_Delay();
  39              		.loc 1 16 2 view .LVU3
  17:Core/Src/myiic.c **** 	I2C_SDA_0();
  40              		.loc 1 17 2 view .LVU4
  41 000a 4FF40002 		mov	r2, #8388608
ARM GAS  C:\Users\HJB\AppData\Local\Temp\ccMyriEo.s 			page 2


  42 000e 1A61     		str	r2, [r3, #16]
  18:Core/Src/myiic.c **** 	i2c_Delay();
  43              		.loc 1 18 2 view .LVU5
  19:Core/Src/myiic.c **** 	I2C_SCL_0();
  44              		.loc 1 19 2 view .LVU6
  45 0010 4FF48002 		mov	r2, #4194304
  46 0014 1A61     		str	r2, [r3, #16]
  20:Core/Src/myiic.c **** 	i2c_Delay();
  47              		.loc 1 20 2 view .LVU7
  21:Core/Src/myiic.c **** }
  48              		.loc 1 21 1 is_stmt 0 view .LVU8
  49 0016 7047     		bx	lr
  50              	.L3:
  51              		.align	2
  52              	.L2:
  53 0018 00080140 		.word	1073809408
  54              		.cfi_endproc
  55              	.LFE66:
  57              		.section	.text.i2c_Stop,"ax",%progbits
  58              		.align	1
  59              		.global	i2c_Stop
  60              		.syntax unified
  61              		.thumb
  62              		.thumb_func
  63              		.fpu softvfp
  65              	i2c_Stop:
  66              	.LFB67:
  22:Core/Src/myiic.c ****  
  23:Core/Src/myiic.c **** //停止信号
  24:Core/Src/myiic.c **** void i2c_Stop(void)
  25:Core/Src/myiic.c **** {
  67              		.loc 1 25 1 is_stmt 1 view -0
  68              		.cfi_startproc
  69              		@ args = 0, pretend = 0, frame = 0
  70              		@ frame_needed = 0, uses_anonymous_args = 0
  71              		@ link register save eliminated.
  26:Core/Src/myiic.c **** 	// 当SCL高电平时，SDA出现一个上跳沿表示I2C总线停止信号 
  27:Core/Src/myiic.c **** 	I2C_SDA_0();
  72              		.loc 1 27 2 view .LVU10
  73 0000 044B     		ldr	r3, .L5
  74 0002 4FF40002 		mov	r2, #8388608
  75 0006 1A61     		str	r2, [r3, #16]
  28:Core/Src/myiic.c **** 	I2C_SCL_1();
  76              		.loc 1 28 2 view .LVU11
  77 0008 4022     		movs	r2, #64
  78 000a 1A61     		str	r2, [r3, #16]
  29:Core/Src/myiic.c **** 	i2c_Delay();
  79              		.loc 1 29 2 view .LVU12
  30:Core/Src/myiic.c **** 	I2C_SDA_1();
  80              		.loc 1 30 2 view .LVU13
  81 000c 8022     		movs	r2, #128
  82 000e 1A61     		str	r2, [r3, #16]
  31:Core/Src/myiic.c **** 	i2c_Delay();
  83              		.loc 1 31 2 view .LVU14
  32:Core/Src/myiic.c **** }
  84              		.loc 1 32 1 is_stmt 0 view .LVU15
  85 0010 7047     		bx	lr
ARM GAS  C:\Users\HJB\AppData\Local\Temp\ccMyriEo.s 			page 3


  86              	.L6:
  87 0012 00BF     		.align	2
  88              	.L5:
  89 0014 00080140 		.word	1073809408
  90              		.cfi_endproc
  91              	.LFE67:
  93              		.section	.text.i2c_SendByte,"ax",%progbits
  94              		.align	1
  95              		.global	i2c_SendByte
  96              		.syntax unified
  97              		.thumb
  98              		.thumb_func
  99              		.fpu softvfp
 101              	i2c_SendByte:
 102              	.LVL0:
 103              	.LFB68:
  33:Core/Src/myiic.c **** //发送一个字节
  34:Core/Src/myiic.c **** void i2c_SendByte(uint8_t _ucByte)
  35:Core/Src/myiic.c **** {
 104              		.loc 1 35 1 is_stmt 1 view -0
 105              		.cfi_startproc
 106              		@ args = 0, pretend = 0, frame = 0
 107              		@ frame_needed = 0, uses_anonymous_args = 0
 108              		@ link register save eliminated.
  36:Core/Src/myiic.c **** 	uint8_t i;
 109              		.loc 1 36 2 view .LVU17
  37:Core/Src/myiic.c **** 	
  38:Core/Src/myiic.c **** 	// 先发送字节的高位bit7 
  39:Core/Src/myiic.c **** 	for (i = 0; i < 8; i++)
 110              		.loc 1 39 2 view .LVU18
 111              		.loc 1 39 9 is_stmt 0 view .LVU19
 112 0000 0023     		movs	r3, #0
 113              		.loc 1 39 2 view .LVU20
 114 0002 0FE0     		b	.L8
 115              	.LVL1:
 116              	.L9:
  40:Core/Src/myiic.c **** 	{
  41:Core/Src/myiic.c **** 		if (_ucByte & 0x80)
  42:Core/Src/myiic.c **** 		{
  43:Core/Src/myiic.c **** 			I2C_SDA_1();
  44:Core/Src/myiic.c **** 		}
  45:Core/Src/myiic.c **** 		else
  46:Core/Src/myiic.c **** 		{
  47:Core/Src/myiic.c **** 			I2C_SDA_0();
 117              		.loc 1 47 4 is_stmt 1 view .LVU21
 118 0004 0E4A     		ldr	r2, .L15
 119 0006 4FF40001 		mov	r1, #8388608
 120 000a 1161     		str	r1, [r2, #16]
 121              	.L10:
  48:Core/Src/myiic.c **** 		}
  49:Core/Src/myiic.c **** 		i2c_Delay();
 122              		.loc 1 49 3 view .LVU22
  50:Core/Src/myiic.c **** 		I2C_SCL_1();
 123              		.loc 1 50 3 view .LVU23
 124 000c 0C4A     		ldr	r2, .L15
 125 000e 4021     		movs	r1, #64
 126 0010 1161     		str	r1, [r2, #16]
ARM GAS  C:\Users\HJB\AppData\Local\Temp\ccMyriEo.s 			page 4


  51:Core/Src/myiic.c **** 		i2c_Delay();
 127              		.loc 1 51 3 view .LVU24
  52:Core/Src/myiic.c **** 		I2C_SCL_0();
 128              		.loc 1 52 3 view .LVU25
 129 0012 4FF48001 		mov	r1, #4194304
 130 0016 1161     		str	r1, [r2, #16]
  53:Core/Src/myiic.c **** 		if (i == 7)
 131              		.loc 1 53 3 view .LVU26
 132              		.loc 1 53 6 is_stmt 0 view .LVU27
 133 0018 072B     		cmp	r3, #7
 134 001a 0CD0     		beq	.L13
 135              	.L11:
  54:Core/Src/myiic.c **** 		{
  55:Core/Src/myiic.c **** 			 I2C_SDA_1(); 	// 释放总线
  56:Core/Src/myiic.c **** 		}
  57:Core/Src/myiic.c **** 		_ucByte <<= 1;		// 左移一个bit 
 136              		.loc 1 57 3 is_stmt 1 discriminator 2 view .LVU28
 137              		.loc 1 57 11 is_stmt 0 discriminator 2 view .LVU29
 138 001c 4000     		lsls	r0, r0, #1
 139              	.LVL2:
 140              		.loc 1 57 11 discriminator 2 view .LVU30
 141 001e C0B2     		uxtb	r0, r0
 142              	.LVL3:
  58:Core/Src/myiic.c **** 		i2c_Delay();
 143              		.loc 1 58 3 is_stmt 1 discriminator 2 view .LVU31
  39:Core/Src/myiic.c **** 	{
 144              		.loc 1 39 21 discriminator 2 view .LVU32
  39:Core/Src/myiic.c **** 	{
 145              		.loc 1 39 22 is_stmt 0 discriminator 2 view .LVU33
 146 0020 0133     		adds	r3, r3, #1
 147              	.LVL4:
  39:Core/Src/myiic.c **** 	{
 148              		.loc 1 39 22 discriminator 2 view .LVU34
 149 0022 DBB2     		uxtb	r3, r3
 150              	.LVL5:
 151              	.L8:
  39:Core/Src/myiic.c **** 	{
 152              		.loc 1 39 14 is_stmt 1 discriminator 1 view .LVU35
  39:Core/Src/myiic.c **** 	{
 153              		.loc 1 39 2 is_stmt 0 discriminator 1 view .LVU36
 154 0024 072B     		cmp	r3, #7
 155 0026 09D8     		bhi	.L14
  41:Core/Src/myiic.c **** 		{
 156              		.loc 1 41 3 is_stmt 1 view .LVU37
  41:Core/Src/myiic.c **** 		{
 157              		.loc 1 41 6 is_stmt 0 view .LVU38
 158 0028 10F0800F 		tst	r0, #128
 159 002c EAD0     		beq	.L9
  43:Core/Src/myiic.c **** 		}
 160              		.loc 1 43 4 is_stmt 1 view .LVU39
 161 002e 044A     		ldr	r2, .L15
 162 0030 8021     		movs	r1, #128
 163 0032 1161     		str	r1, [r2, #16]
 164 0034 EAE7     		b	.L10
 165              	.L13:
  55:Core/Src/myiic.c **** 		}
 166              		.loc 1 55 5 view .LVU40
ARM GAS  C:\Users\HJB\AppData\Local\Temp\ccMyriEo.s 			page 5


 167 0036 8021     		movs	r1, #128
 168 0038 1161     		str	r1, [r2, #16]
 169 003a EFE7     		b	.L11
 170              	.L14:
  59:Core/Src/myiic.c **** 	}
  60:Core/Src/myiic.c **** }
 171              		.loc 1 60 1 is_stmt 0 view .LVU41
 172 003c 7047     		bx	lr
 173              	.L16:
 174 003e 00BF     		.align	2
 175              	.L15:
 176 0040 00080140 		.word	1073809408
 177              		.cfi_endproc
 178              	.LFE68:
 180              		.section	.text.i2c_ReadByte,"ax",%progbits
 181              		.align	1
 182              		.global	i2c_ReadByte
 183              		.syntax unified
 184              		.thumb
 185              		.thumb_func
 186              		.fpu softvfp
 188              	i2c_ReadByte:
 189              	.LFB69:
  61:Core/Src/myiic.c **** //读取一个字节
  62:Core/Src/myiic.c **** uint8_t i2c_ReadByte(void)
  63:Core/Src/myiic.c **** {
 190              		.loc 1 63 1 is_stmt 1 view -0
 191              		.cfi_startproc
 192              		@ args = 0, pretend = 0, frame = 0
 193              		@ frame_needed = 0, uses_anonymous_args = 0
 194              		@ link register save eliminated.
  64:Core/Src/myiic.c **** 	uint8_t i;
 195              		.loc 1 64 2 view .LVU43
  65:Core/Src/myiic.c **** 	uint8_t value;
 196              		.loc 1 65 2 view .LVU44
  66:Core/Src/myiic.c **** 	
  67:Core/Src/myiic.c **** 	/* 读到第1个bit为数据的bit7 */
  68:Core/Src/myiic.c **** 	value = 0;
 197              		.loc 1 68 2 view .LVU45
 198              	.LVL6:
  69:Core/Src/myiic.c **** 	for (i = 0; i < 8; i++)
 199              		.loc 1 69 2 view .LVU46
  68:Core/Src/myiic.c **** 	for (i = 0; i < 8; i++)
 200              		.loc 1 68 8 is_stmt 0 view .LVU47
 201 0000 0020     		movs	r0, #0
 202              		.loc 1 69 9 view .LVU48
 203 0002 0346     		mov	r3, r0
 204              		.loc 1 69 2 view .LVU49
 205 0004 05E0     		b	.L18
 206              	.LVL7:
 207              	.L19:
  70:Core/Src/myiic.c **** 	{
  71:Core/Src/myiic.c **** 		value <<= 1;
  72:Core/Src/myiic.c **** 		I2C_SCL_1();
  73:Core/Src/myiic.c **** 		i2c_Delay();
  74:Core/Src/myiic.c **** 		if (I2C_SDA_READ())
  75:Core/Src/myiic.c **** 		{
ARM GAS  C:\Users\HJB\AppData\Local\Temp\ccMyriEo.s 			page 6


  76:Core/Src/myiic.c **** 			value++;
  77:Core/Src/myiic.c **** 		}
  78:Core/Src/myiic.c **** 		I2C_SCL_0();
 208              		.loc 1 78 3 is_stmt 1 discriminator 2 view .LVU50
 209 0006 0A4A     		ldr	r2, .L22
 210 0008 4FF48001 		mov	r1, #4194304
 211 000c 1161     		str	r1, [r2, #16]
  79:Core/Src/myiic.c **** 		i2c_Delay();
 212              		.loc 1 79 3 discriminator 2 view .LVU51
  69:Core/Src/myiic.c **** 	{
 213              		.loc 1 69 21 discriminator 2 view .LVU52
  69:Core/Src/myiic.c **** 	{
 214              		.loc 1 69 22 is_stmt 0 discriminator 2 view .LVU53
 215 000e 0133     		adds	r3, r3, #1
 216              	.LVL8:
  69:Core/Src/myiic.c **** 	{
 217              		.loc 1 69 22 discriminator 2 view .LVU54
 218 0010 DBB2     		uxtb	r3, r3
 219              	.LVL9:
 220              	.L18:
  69:Core/Src/myiic.c **** 	{
 221              		.loc 1 69 14 is_stmt 1 discriminator 1 view .LVU55
  69:Core/Src/myiic.c **** 	{
 222              		.loc 1 69 2 is_stmt 0 discriminator 1 view .LVU56
 223 0012 072B     		cmp	r3, #7
 224 0014 0BD8     		bhi	.L21
  71:Core/Src/myiic.c **** 		I2C_SCL_1();
 225              		.loc 1 71 3 is_stmt 1 view .LVU57
  71:Core/Src/myiic.c **** 		I2C_SCL_1();
 226              		.loc 1 71 9 is_stmt 0 view .LVU58
 227 0016 4000     		lsls	r0, r0, #1
 228              	.LVL10:
  71:Core/Src/myiic.c **** 		I2C_SCL_1();
 229              		.loc 1 71 9 view .LVU59
 230 0018 C0B2     		uxtb	r0, r0
 231              	.LVL11:
  72:Core/Src/myiic.c **** 		i2c_Delay();
 232              		.loc 1 72 3 is_stmt 1 view .LVU60
 233 001a 054A     		ldr	r2, .L22
 234 001c 4021     		movs	r1, #64
 235 001e 1161     		str	r1, [r2, #16]
  73:Core/Src/myiic.c **** 		if (I2C_SDA_READ())
 236              		.loc 1 73 3 view .LVU61
  74:Core/Src/myiic.c **** 		{
 237              		.loc 1 74 3 view .LVU62
  74:Core/Src/myiic.c **** 		{
 238              		.loc 1 74 7 is_stmt 0 view .LVU63
 239 0020 9268     		ldr	r2, [r2, #8]
  74:Core/Src/myiic.c **** 		{
 240              		.loc 1 74 6 view .LVU64
 241 0022 12F0800F 		tst	r2, #128
 242 0026 EED0     		beq	.L19
  76:Core/Src/myiic.c **** 		}
 243              		.loc 1 76 4 is_stmt 1 view .LVU65
  76:Core/Src/myiic.c **** 		}
 244              		.loc 1 76 9 is_stmt 0 view .LVU66
 245 0028 0130     		adds	r0, r0, #1
ARM GAS  C:\Users\HJB\AppData\Local\Temp\ccMyriEo.s 			page 7


 246              	.LVL12:
  76:Core/Src/myiic.c **** 		}
 247              		.loc 1 76 9 view .LVU67
 248 002a C0B2     		uxtb	r0, r0
 249              	.LVL13:
  76:Core/Src/myiic.c **** 		}
 250              		.loc 1 76 9 view .LVU68
 251 002c EBE7     		b	.L19
 252              	.L21:
  80:Core/Src/myiic.c **** 	}
  81:Core/Src/myiic.c **** 	return value;
 253              		.loc 1 81 2 is_stmt 1 view .LVU69
  82:Core/Src/myiic.c **** }
 254              		.loc 1 82 1 is_stmt 0 view .LVU70
 255 002e 7047     		bx	lr
 256              	.L23:
 257              		.align	2
 258              	.L22:
 259 0030 00080140 		.word	1073809408
 260              		.cfi_endproc
 261              	.LFE69:
 263              		.section	.text.i2c_WaitAck,"ax",%progbits
 264              		.align	1
 265              		.global	i2c_WaitAck
 266              		.syntax unified
 267              		.thumb
 268              		.thumb_func
 269              		.fpu softvfp
 271              	i2c_WaitAck:
 272              	.LFB70:
  83:Core/Src/myiic.c ****  
  84:Core/Src/myiic.c **** //等待应答信号
  85:Core/Src/myiic.c **** uint8_t i2c_WaitAck(void)
  86:Core/Src/myiic.c **** {
 273              		.loc 1 86 1 is_stmt 1 view -0
 274              		.cfi_startproc
 275              		@ args = 0, pretend = 0, frame = 0
 276              		@ frame_needed = 0, uses_anonymous_args = 0
 277              		@ link register save eliminated.
  87:Core/Src/myiic.c **** 	uint8_t re;
 278              		.loc 1 87 2 view .LVU72
  88:Core/Src/myiic.c ****  
  89:Core/Src/myiic.c **** 	I2C_SDA_1();	/* CPU释放SDA总线 */
 279              		.loc 1 89 2 view .LVU73
 280 0000 084B     		ldr	r3, .L27
 281 0002 8022     		movs	r2, #128
 282 0004 1A61     		str	r2, [r3, #16]
  90:Core/Src/myiic.c **** //	i2c_Delay();
  91:Core/Src/myiic.c **** 	I2C_SCL_1();	/* CPU驱动SCL = 1, 此时器件会返回ACK应答 */
 283              		.loc 1 91 2 view .LVU74
 284 0006 4022     		movs	r2, #64
 285 0008 1A61     		str	r2, [r3, #16]
  92:Core/Src/myiic.c **** 	i2c_Delay();
 286              		.loc 1 92 2 view .LVU75
  93:Core/Src/myiic.c ****  
  94:Core/Src/myiic.c **** 	if (I2C_SDA_READ())	/* CPU读取SDA口线状态 */
 287              		.loc 1 94 2 view .LVU76
ARM GAS  C:\Users\HJB\AppData\Local\Temp\ccMyriEo.s 			page 8


 288              		.loc 1 94 6 is_stmt 0 view .LVU77
 289 000a 9B68     		ldr	r3, [r3, #8]
 290              		.loc 1 94 5 view .LVU78
 291 000c 13F0800F 		tst	r3, #128
 292 0010 05D0     		beq	.L26
  95:Core/Src/myiic.c **** 	{
  96:Core/Src/myiic.c **** 		re = 1;
 293              		.loc 1 96 6 view .LVU79
 294 0012 0120     		movs	r0, #1
 295              	.L25:
 296              	.LVL14:
  97:Core/Src/myiic.c **** 	}
  98:Core/Src/myiic.c **** 	else
  99:Core/Src/myiic.c **** 	{
 100:Core/Src/myiic.c **** 		re = 0;
 101:Core/Src/myiic.c **** 	}
 102:Core/Src/myiic.c ****  
 103:Core/Src/myiic.c **** 	I2C_SCL_0();
 297              		.loc 1 103 2 is_stmt 1 view .LVU80
 298 0014 034B     		ldr	r3, .L27
 299 0016 4FF48002 		mov	r2, #4194304
 300 001a 1A61     		str	r2, [r3, #16]
 104:Core/Src/myiic.c **** 	i2c_Delay();
 301              		.loc 1 104 2 view .LVU81
 105:Core/Src/myiic.c **** 	return re;
 302              		.loc 1 105 2 view .LVU82
 106:Core/Src/myiic.c **** }
 303              		.loc 1 106 1 is_stmt 0 view .LVU83
 304 001c 7047     		bx	lr
 305              	.LVL15:
 306              	.L26:
 100:Core/Src/myiic.c **** 	}
 307              		.loc 1 100 6 view .LVU84
 308 001e 0020     		movs	r0, #0
 309 0020 F8E7     		b	.L25
 310              	.L28:
 311 0022 00BF     		.align	2
 312              	.L27:
 313 0024 00080140 		.word	1073809408
 314              		.cfi_endproc
 315              	.LFE70:
 317              		.section	.text.i2c_Ack,"ax",%progbits
 318              		.align	1
 319              		.global	i2c_Ack
 320              		.syntax unified
 321              		.thumb
 322              		.thumb_func
 323              		.fpu softvfp
 325              	i2c_Ack:
 326              	.LFB71:
 107:Core/Src/myiic.c **** //应答信号
 108:Core/Src/myiic.c **** void i2c_Ack(void)
 109:Core/Src/myiic.c **** {
 327              		.loc 1 109 1 is_stmt 1 view -0
 328              		.cfi_startproc
 329              		@ args = 0, pretend = 0, frame = 0
 330              		@ frame_needed = 0, uses_anonymous_args = 0
ARM GAS  C:\Users\HJB\AppData\Local\Temp\ccMyriEo.s 			page 9


 331              		@ link register save eliminated.
 110:Core/Src/myiic.c **** 	I2C_SDA_0();	/* CPU驱动SDA = 0 */
 332              		.loc 1 110 2 view .LVU86
 333 0000 054B     		ldr	r3, .L30
 334 0002 4FF40002 		mov	r2, #8388608
 335 0006 1A61     		str	r2, [r3, #16]
 111:Core/Src/myiic.c **** 	i2c_Delay();
 336              		.loc 1 111 2 view .LVU87
 112:Core/Src/myiic.c **** 	I2C_SCL_1();	/* CPU产生1个时钟 */
 337              		.loc 1 112 2 view .LVU88
 338 0008 4022     		movs	r2, #64
 339 000a 1A61     		str	r2, [r3, #16]
 113:Core/Src/myiic.c **** 	i2c_Delay();
 340              		.loc 1 113 2 view .LVU89
 114:Core/Src/myiic.c **** 	I2C_SCL_0();
 341              		.loc 1 114 2 view .LVU90
 342 000c 4FF48002 		mov	r2, #4194304
 343 0010 1A61     		str	r2, [r3, #16]
 115:Core/Src/myiic.c **** 	i2c_Delay();
 344              		.loc 1 115 2 view .LVU91
 116:Core/Src/myiic.c **** 	I2C_SDA_1();	/* CPU释放SDA总线 */
 345              		.loc 1 116 2 view .LVU92
 346 0012 8022     		movs	r2, #128
 347 0014 1A61     		str	r2, [r3, #16]
 117:Core/Src/myiic.c **** }
 348              		.loc 1 117 1 is_stmt 0 view .LVU93
 349 0016 7047     		bx	lr
 350              	.L31:
 351              		.align	2
 352              	.L30:
 353 0018 00080140 		.word	1073809408
 354              		.cfi_endproc
 355              	.LFE71:
 357              		.section	.text.i2c_CheckDevice,"ax",%progbits
 358              		.align	1
 359              		.global	i2c_CheckDevice
 360              		.syntax unified
 361              		.thumb
 362              		.thumb_func
 363              		.fpu softvfp
 365              	i2c_CheckDevice:
 366              	.LVL16:
 367              	.LFB72:
 118:Core/Src/myiic.c ****  
 119:Core/Src/myiic.c ****  
 120:Core/Src/myiic.c **** uint8_t i2c_CheckDevice(uint8_t _Address)
 121:Core/Src/myiic.c **** {
 368              		.loc 1 121 1 is_stmt 1 view -0
 369              		.cfi_startproc
 370              		@ args = 0, pretend = 0, frame = 0
 371              		@ frame_needed = 0, uses_anonymous_args = 0
 372              		.loc 1 121 1 is_stmt 0 view .LVU95
 373 0000 10B5     		push	{r4, lr}
 374              	.LCFI0:
 375              		.cfi_def_cfa_offset 8
 376              		.cfi_offset 4, -8
 377              		.cfi_offset 14, -4
ARM GAS  C:\Users\HJB\AppData\Local\Temp\ccMyriEo.s 			page 10


 122:Core/Src/myiic.c **** 	uint8_t ucAck;
 378              		.loc 1 122 2 is_stmt 1 view .LVU96
 123:Core/Src/myiic.c ****  
 124:Core/Src/myiic.c **** 	if (I2C_SDA_READ() && I2C_SCL_READ())
 379              		.loc 1 124 2 view .LVU97
 380              		.loc 1 124 6 is_stmt 0 view .LVU98
 381 0002 0D4B     		ldr	r3, .L38
 382 0004 9B68     		ldr	r3, [r3, #8]
 383              		.loc 1 124 5 view .LVU99
 384 0006 13F0800F 		tst	r3, #128
 385 000a 12D0     		beq	.L34
 386 000c 0446     		mov	r4, r0
 387              		.loc 1 124 24 discriminator 1 view .LVU100
 388 000e 0A4B     		ldr	r3, .L38
 389 0010 9B68     		ldr	r3, [r3, #8]
 390              		.loc 1 124 21 discriminator 1 view .LVU101
 391 0012 13F0400F 		tst	r3, #64
 392 0016 01D1     		bne	.L37
 125:Core/Src/myiic.c **** 	{
 126:Core/Src/myiic.c **** 		i2c_Start();		/* 发送启动信号 */
 127:Core/Src/myiic.c ****  
 128:Core/Src/myiic.c **** 		/* 发送设备地址+读写控制bit（0 = w， 1 = r) bit7 先传 */
 129:Core/Src/myiic.c **** 		i2c_SendByte(_Address | 0);
 130:Core/Src/myiic.c **** 		ucAck = i2c_WaitAck();	/* 检测设备的ACK应答 */
 131:Core/Src/myiic.c ****  
 132:Core/Src/myiic.c **** 		i2c_Stop();			/* 发送停止信号 */
 133:Core/Src/myiic.c ****  
 134:Core/Src/myiic.c **** 		return ucAck;
 135:Core/Src/myiic.c **** 	}
 136:Core/Src/myiic.c **** 	return 1;	/* I2C总线异常 */
 393              		.loc 1 136 9 view .LVU102
 394 0018 0124     		movs	r4, #1
 395 001a 0BE0     		b	.L33
 396              	.L37:
 126:Core/Src/myiic.c ****  
 397              		.loc 1 126 3 is_stmt 1 view .LVU103
 398 001c FFF7FEFF 		bl	i2c_Start
 399              	.LVL17:
 129:Core/Src/myiic.c **** 		ucAck = i2c_WaitAck();	/* 检测设备的ACK应答 */
 400              		.loc 1 129 3 view .LVU104
 401 0020 2046     		mov	r0, r4
 402 0022 FFF7FEFF 		bl	i2c_SendByte
 403              	.LVL18:
 130:Core/Src/myiic.c ****  
 404              		.loc 1 130 3 view .LVU105
 130:Core/Src/myiic.c ****  
 405              		.loc 1 130 11 is_stmt 0 view .LVU106
 406 0026 FFF7FEFF 		bl	i2c_WaitAck
 407              	.LVL19:
 408 002a 0446     		mov	r4, r0
 409              	.LVL20:
 132:Core/Src/myiic.c ****  
 410              		.loc 1 132 3 is_stmt 1 view .LVU107
 411 002c FFF7FEFF 		bl	i2c_Stop
 412              	.LVL21:
 134:Core/Src/myiic.c **** 	}
 413              		.loc 1 134 3 view .LVU108
ARM GAS  C:\Users\HJB\AppData\Local\Temp\ccMyriEo.s 			page 11


 134:Core/Src/myiic.c **** 	}
 414              		.loc 1 134 10 is_stmt 0 view .LVU109
 415 0030 00E0     		b	.L33
 416              	.LVL22:
 417              	.L34:
 418              		.loc 1 136 9 view .LVU110
 419 0032 0124     		movs	r4, #1
 420              	.LVL23:
 421              	.L33:
 137:Core/Src/myiic.c **** }
 422              		.loc 1 137 1 view .LVU111
 423 0034 2046     		mov	r0, r4
 424 0036 10BD     		pop	{r4, pc}
 425              	.L39:
 426              		.align	2
 427              	.L38:
 428 0038 00080140 		.word	1073809408
 429              		.cfi_endproc
 430              	.LFE72:
 432              		.section	.text.Device_WriteData,"ax",%progbits
 433              		.align	1
 434              		.global	Device_WriteData
 435              		.syntax unified
 436              		.thumb
 437              		.thumb_func
 438              		.fpu softvfp
 440              	Device_WriteData:
 441              	.LVL24:
 442              	.LFB73:
 138:Core/Src/myiic.c ****  
 139:Core/Src/myiic.c ****  
 140:Core/Src/myiic.c **** void  Device_WriteData(uint8_t DeciveAddr,uint8_t *Data,int size)
 141:Core/Src/myiic.c **** {
 443              		.loc 1 141 1 is_stmt 1 view -0
 444              		.cfi_startproc
 445              		@ args = 0, pretend = 0, frame = 0
 446              		@ frame_needed = 0, uses_anonymous_args = 0
 447              		.loc 1 141 1 is_stmt 0 view .LVU113
 448 0000 70B5     		push	{r4, r5, r6, lr}
 449              	.LCFI1:
 450              		.cfi_def_cfa_offset 16
 451              		.cfi_offset 4, -16
 452              		.cfi_offset 5, -12
 453              		.cfi_offset 6, -8
 454              		.cfi_offset 14, -4
 455 0002 0646     		mov	r6, r0
 456 0004 0C46     		mov	r4, r1
 457 0006 1546     		mov	r5, r2
 142:Core/Src/myiic.c ****     int count=size;
 458              		.loc 1 142 5 is_stmt 1 view .LVU114
 459              	.LVL25:
 143:Core/Src/myiic.c **** 		uint8_t *pData=Data;
 460              		.loc 1 143 3 view .LVU115
 144:Core/Src/myiic.c **** 		//起始信号
 145:Core/Src/myiic.c ****     i2c_Start();    
 461              		.loc 1 145 5 view .LVU116
 462 0008 FFF7FEFF 		bl	i2c_Start
ARM GAS  C:\Users\HJB\AppData\Local\Temp\ccMyriEo.s 			page 12


 463              	.LVL26:
 146:Core/Src/myiic.c ****     //发送器件地址                         
 147:Core/Src/myiic.c ****     i2c_SendByte(DeciveAddr);       
 464              		.loc 1 147 5 view .LVU117
 465 000c 3046     		mov	r0, r6
 466 000e FFF7FEFF 		bl	i2c_SendByte
 467              	.LVL27:
 148:Core/Src/myiic.c ****     //等待应答
 149:Core/Src/myiic.c ****     i2c_WaitAck();                          
 468              		.loc 1 149 5 view .LVU118
 469 0012 FFF7FEFF 		bl	i2c_WaitAck
 470              	.LVL28:
 150:Core/Src/myiic.c ****     while(count--)
 471              		.loc 1 150 5 view .LVU119
 472              		.loc 1 150 10 is_stmt 0 view .LVU120
 473 0016 06E0     		b	.L41
 474              	.LVL29:
 475              	.L42:
 151:Core/Src/myiic.c **** 		{
 152:Core/Src/myiic.c **** 			//发送数据
 153:Core/Src/myiic.c **** 			i2c_SendByte(*pData++);                     
 476              		.loc 1 153 4 is_stmt 1 view .LVU121
 477              		.loc 1 153 4 is_stmt 0 view .LVU122
 478 0018 14F8010B 		ldrb	r0, [r4], #1	@ zero_extendqisi2
 479              	.LVL30:
 480              		.loc 1 153 4 view .LVU123
 481 001c FFF7FEFF 		bl	i2c_SendByte
 482              	.LVL31:
 154:Core/Src/myiic.c **** 			//等待应答
 155:Core/Src/myiic.c **** 			i2c_WaitAck();   
 483              		.loc 1 155 4 is_stmt 1 view .LVU124
 484 0020 FFF7FEFF 		bl	i2c_WaitAck
 485              	.LVL32:
 150:Core/Src/myiic.c **** 		{
 486              		.loc 1 150 16 is_stmt 0 view .LVU125
 487 0024 3546     		mov	r5, r6
 488              	.LVL33:
 489              	.L41:
 150:Core/Src/myiic.c **** 		{
 490              		.loc 1 150 10 is_stmt 1 view .LVU126
 150:Core/Src/myiic.c **** 		{
 491              		.loc 1 150 16 is_stmt 0 view .LVU127
 492 0026 6E1E     		subs	r6, r5, #1
 493              	.LVL34:
 150:Core/Src/myiic.c **** 		{
 494              		.loc 1 150 10 view .LVU128
 495 0028 002D     		cmp	r5, #0
 496 002a F5D1     		bne	.L42
 156:Core/Src/myiic.c **** 		}			 
 157:Core/Src/myiic.c ****                        
 158:Core/Src/myiic.c ****     //结束信号
 159:Core/Src/myiic.c ****     i2c_Stop();     
 497              		.loc 1 159 5 is_stmt 1 view .LVU129
 498 002c FFF7FEFF 		bl	i2c_Stop
 499              	.LVL35:
 160:Core/Src/myiic.c **** }...
 500              		.loc 1 160 1 is_stmt 0 view .LVU130
ARM GAS  C:\Users\HJB\AppData\Local\Temp\ccMyriEo.s 			page 13


 501 0030 70BD     		pop	{r4, r5, r6, pc}
 502              		.loc 1 160 1 view .LVU131
 503              		.cfi_endproc
 504              	.LFE73:
 506              		.text
 507              	.Letext0:
 508              		.file 2 "e:\\vsstm32\\10.2020-q4-major\\arm-none-eabi\\include\\machine\\_default_types.h"
 509              		.file 3 "e:\\vsstm32\\10.2020-q4-major\\arm-none-eabi\\include\\sys\\_stdint.h"
 510              		.file 4 "Drivers/CMSIS/Device/ST/STM32F1xx/Include/stm32f103xb.h"
ARM GAS  C:\Users\HJB\AppData\Local\Temp\ccMyriEo.s 			page 14


DEFINED SYMBOLS
                            *ABS*:00000000 myiic.c
C:\Users\HJB\AppData\Local\Temp\ccMyriEo.s:16     .text.i2c_Start:00000000 $t
C:\Users\HJB\AppData\Local\Temp\ccMyriEo.s:24     .text.i2c_Start:00000000 i2c_Start
C:\Users\HJB\AppData\Local\Temp\ccMyriEo.s:53     .text.i2c_Start:00000018 $d
C:\Users\HJB\AppData\Local\Temp\ccMyriEo.s:58     .text.i2c_Stop:00000000 $t
C:\Users\HJB\AppData\Local\Temp\ccMyriEo.s:65     .text.i2c_Stop:00000000 i2c_Stop
C:\Users\HJB\AppData\Local\Temp\ccMyriEo.s:89     .text.i2c_Stop:00000014 $d
C:\Users\HJB\AppData\Local\Temp\ccMyriEo.s:94     .text.i2c_SendByte:00000000 $t
C:\Users\HJB\AppData\Local\Temp\ccMyriEo.s:101    .text.i2c_SendByte:00000000 i2c_SendByte
C:\Users\HJB\AppData\Local\Temp\ccMyriEo.s:176    .text.i2c_SendByte:00000040 $d
C:\Users\HJB\AppData\Local\Temp\ccMyriEo.s:181    .text.i2c_ReadByte:00000000 $t
C:\Users\HJB\AppData\Local\Temp\ccMyriEo.s:188    .text.i2c_ReadByte:00000000 i2c_ReadByte
C:\Users\HJB\AppData\Local\Temp\ccMyriEo.s:259    .text.i2c_ReadByte:00000030 $d
C:\Users\HJB\AppData\Local\Temp\ccMyriEo.s:264    .text.i2c_WaitAck:00000000 $t
C:\Users\HJB\AppData\Local\Temp\ccMyriEo.s:271    .text.i2c_WaitAck:00000000 i2c_WaitAck
C:\Users\HJB\AppData\Local\Temp\ccMyriEo.s:313    .text.i2c_WaitAck:00000024 $d
C:\Users\HJB\AppData\Local\Temp\ccMyriEo.s:318    .text.i2c_Ack:00000000 $t
C:\Users\HJB\AppData\Local\Temp\ccMyriEo.s:325    .text.i2c_Ack:00000000 i2c_Ack
C:\Users\HJB\AppData\Local\Temp\ccMyriEo.s:353    .text.i2c_Ack:00000018 $d
C:\Users\HJB\AppData\Local\Temp\ccMyriEo.s:358    .text.i2c_CheckDevice:00000000 $t
C:\Users\HJB\AppData\Local\Temp\ccMyriEo.s:365    .text.i2c_CheckDevice:00000000 i2c_CheckDevice
C:\Users\HJB\AppData\Local\Temp\ccMyriEo.s:428    .text.i2c_CheckDevice:00000038 $d
C:\Users\HJB\AppData\Local\Temp\ccMyriEo.s:433    .text.Device_WriteData:00000000 $t
C:\Users\HJB\AppData\Local\Temp\ccMyriEo.s:440    .text.Device_WriteData:00000000 Device_WriteData

NO UNDEFINED SYMBOLS
